L23: 27, 0
R14: 41, 0
L50: 91, 1
R27: 18, 2
L33: 85, 3
R36: 21, 4
L11: 10, 4
L32: 78, 5
R46: 24, 6
R36: 60, 6
R2: 62, 6
L32: 30, 6
L42: 88, 7
L11: 77, 7
L10: 67, 7
R31: 98, 7
L36: 62, 7
R33: 95, 7
L11: 84, 7
R38: 22, 8
L22: 0, 9
L1: 99, 9
R33: 32, 10
L4: 28, 10
L12: 16, 10
L29: 87, 11
L14: 73, 11
R4: 77, 11
L13: 64, 11
R50: 14, 12
L30: 84, 13
R20: 4, 14
R11: 15, 14
L37: 78, 15
R49: 27, 16
R10: 37, 16
R7: 44, 16
R20: 64, 16
L36: 28, 16
L15: 13, 16
R24: 37, 16
L48: 89, 17
R36: 25, 18
L49: 76, 19
L21: 55, 19
R18: 73, 19
L13: 60, 19
R27: 87, 19
R26: 13, 20
L43: 70, 21
R30: 0, 22
R29: 29, 22
L94: 35, 23
R30: 65, 23
L55: 10, 23
R90: 0, 24
R54: 54, 24
R60: 14, 25
R86: 0, 26
R81: 81, 26
L53: 28, 26
R23: 51, 26
L2: 49, 26
R78: 27, 27
L27: 0, 28
L61: 39, 28
L74: 65, 29
L96: 69, 30
R98: 67, 31
R33: 0, 32
L88: 12, 32
L12: 0, 33
R45: 45, 33
L45: 0, 34
L19: 81, 34
R46: 27, 35
R38: 65, 35
R96: 61, 36
R39: 0, 37
R41: 41, 37
L41: 0, 38
L48: 52, 38
R60: 12, 39
R88: 0, 40
L8: 92, 40
R90: 82, 41
R79: 61, 42
L61: 0, 43
R21: 21, 43
R17: 38, 43
L37: 1, 43
R99: 0, 44
R67: 67, 44
R23: 90, 44
L73: 17, 44
R83: 0, 45
L59: 41, 45
R42: 83, 45
R84: 67, 46
R33: 0, 47
L84: 16, 47
R206: 22, 49
R61: 83, 49
R133: 16, 51
L13: 3, 51
R36: 39, 51
R61: 0, 52
L92: 8, 52
R84: 92, 52
R961: 53, 62
L53: 0, 63
L91: 9, 63
R28: 37, 63
L78: 59, 64
L59: 0, 65
L97: 3, 65
R97: 0, 66
L42: 58, 66
L47: 11, 66
R7: 18, 66
R12: 30, 66
R24: 54, 66
R93: 47, 67
L2: 45, 67
L48: 97, 68
L34: 63, 68
R72: 35, 69
R38: 73, 69
L56: 17, 69
L19: 98, 70
R283: 81, 73
R525: 6, 79
L28: 78, 80
L597: 81, 86
L18: 63, 86
R151: 14, 88
L4: 10, 88
L37: 73, 89
R727: 0, 97
L89: 11, 97
L96: 15, 98
L15: 0, 99
R83: 83, 99
R10: 93, 99
L15: 78, 99
R122: 0, 101
L80: 20, 101
R36: 56, 101
R71: 27, 102
L12: 15, 102
R85: 0, 103
R41: 41, 103
L20: 21, 103
R805: 26, 111
L26: 0, 112
R22: 22, 112
R45: 67, 112
R25: 92, 112
R94: 86, 113
R47: 33, 114
L333: 0, 118
R72: 72, 118
L72: 0, 119
L78: 22, 119
R2: 24, 119
R76: 0, 120
R76: 76, 120
L762: 14, 127
L15: 99, 128
L99: 0, 129
R436: 36, 133
R17: 53, 133
R24: 77, 133
R669: 46, 140
L246: 0, 143
L70: 30, 143
L45: 85, 144
R58: 43, 145
R57: 0, 146
R55: 55, 146
L34: 21, 146
L62: 59, 147
R41: 0, 148
L13: 87, 148
R58: 45, 149
L68: 77, 150
R23: 0, 151
R31: 31, 151
R69: 0, 152
L69: 31, 152
R797: 28, 160
L9: 19, 160
L71: 48, 161
L21: 27, 161
R4: 31, 161
L86: 45, 162
R385: 30, 166
R70: 0, 167
L94: 6, 167
L47: 59, 168
L398: 61, 172
L6: 55, 172
L61: 94, 173
L694: 0, 180
R434: 34, 184
L34: 0, 185
L882: 18, 193
R82: 0, 194
R64: 64, 194
R2: 66, 194
R43: 9, 195
R91: 0, 196
R32: 32, 196
R68: 0, 197
L291: 9, 199
R91: 0, 200
R786: 86, 207
L327: 59, 210
R75: 34, 211
L858: 76, 220
L41: 35, 220
R27: 62, 220
L44: 18, 220
R89: 7, 221
R388: 95, 224
R68: 63, 225
L63: 0, 226
R65: 65, 226
R923: 88, 235
R47: 35, 236
R63: 98, 236
R27: 25, 237
R27: 52, 237
R48: 0, 238
L41: 59, 238
L59: 0, 239
L82: 18, 239
L32: 86, 240
L8: 78, 240
L90: 88, 241
R21: 9, 242
L9: 0, 243
L47: 53, 243
R5: 58, 243
R42: 0, 244
R55: 55, 244
L55: 0, 245
R827: 27, 253
L89: 38, 254
R20: 58, 254
L80: 78, 255
R922: 0, 265
R11: 11, 265
R42: 53, 265
R660: 13, 272
L49: 64, 273
R36: 0, 274
L21: 79, 274
L67: 12, 274
L28: 84, 275
R316: 0, 279
R88: 88, 279
R14: 2, 280
L809: 93, 289
R715: 8, 297
L375: 33, 301
R367: 0, 305
R77: 77, 305
L77: 0, 306
L71: 29, 306
L6: 23, 306
L823: 0, 315
L22: 78, 315
L17: 61, 315
R87: 48, 316
R62: 10, 317
L60: 50, 318
R50: 0, 319
R80: 80, 319
L74: 6, 319
R94: 0, 320
R55: 55, 320
L43: 12, 320
L12: 0, 321
L97: 3, 321
R61: 64, 321
L25: 39, 321
R861: 0, 330
L306: 94, 333
L94: 0, 334
L96: 4, 334
R796: 0, 342
L5: 95, 342
L67: 28, 342
L10: 18, 342
R36: 54, 342
R46: 0, 343
L559: 41, 348
R52: 93, 348
R42: 35, 349
R723: 58, 356
L58: 0, 357
R60: 60, 357
L45: 15, 357
L14: 1, 357
L1: 0, 358
R57: 57, 358
L54: 3, 358
R97: 0, 359
R147: 47, 360
L18: 29, 360
L29: 0, 361
R67: 67, 361
L667: 0, 368
L88: 12, 368
L23: 89, 369
L89: 0, 370
L29: 71, 370
R4: 75, 370
L75: 0, 371
R4: 4, 371
L96: 8, 372
L8: 0, 373
L78: 22, 373
L22: 0, 374
R406: 6, 378
R3: 9, 378
L184: 25, 380
R75: 0, 381
R81: 81, 381
L37: 44, 381
R52: 96, 381
R4: 0, 382
R84: 84, 382
R306: 90, 385
R66: 56, 386
L56: 0, 387
L53: 47, 387
L47: 0, 388
L387: 13, 391
R87: 0, 392
R34: 34, 392
R466: 0, 397
L606: 94, 403
L70: 24, 403
L24: 0, 404
R72: 72, 404
R67: 39, 405
R91: 30, 406
L49: 81, 407
L81: 0, 408
L2: 98, 408
L29: 69, 408
R131: 0, 410
R25: 25, 410
R134: 59, 411
R91: 50, 412
L750: 0, 420
L90: 10, 420
R490: 0, 425
R37: 37, 425
R63: 0, 426
L89: 11, 426
L11: 0, 427
R353: 53, 430
L53: 0, 431
L7: 93, 431
L723: 70, 438
L98: 72, 439
L65: 7, 439
R70: 77, 439
L77: 0, 440
R1: 1, 440
L58: 43, 441
R57: 0, 442
L416: 84, 446
R15: 99, 446
R39: 38, 447
R62: 0, 448
R68: 68, 448
L21: 47, 448
R53: 0, 449
L80: 20, 449
R18: 38, 449
R632: 70, 455
L70: 0, 456
R36: 36, 456
R32: 68, 456
R532: 0, 462
L68: 32, 462
R68: 0, 463
R151: 51, 464
L96: 55, 465
R345: 0, 469
R18: 18, 469
R78: 96, 469
R759: 55, 477
L84: 71, 478
R529: 0, 484
L65: 35, 484
L735: 0, 492
L69: 31, 492
L73: 58, 493
R80: 38, 494
L55: 83, 495
L85: 98, 496
R2: 0, 497
R30: 30, 497
L89: 41, 498
L180: 61, 500
R338: 99, 503
L40: 59, 503
R15: 74, 503
L74: 0, 504
R51: 51, 504
R649: 0, 511
L129: 71, 512
R29: 0, 513
R21: 21, 513
L44: 77, 514
L436: 41, 518
L86: 55, 519
L155: 0, 521
R929: 29, 530
R32: 61, 530
L47: 14, 530
R71: 85, 530
R95: 80, 531
L80: 0, 532
L52: 48, 532
R86: 34, 533
R97: 31, 534
L21: 10, 534
L10: 0, 535
L12: 88, 535
R54: 42, 536
L93: 49, 537
L625: 24, 543
R32: 56, 543
L86: 70, 544
L38: 32, 544
L32: 0, 545
R455: 55, 549
L94: 61, 550
L61: 0, 551
R404: 4, 555
R96: 0, 556
L68: 32, 556
R846: 78, 564
R46: 24, 565
R76: 0, 566
L121: 79, 567
L37: 42, 567
R40: 82, 567
R18: 0, 568
R193: 93, 569
R23: 16, 570
L95: 21, 571
R4: 25, 571
L48: 77, 572
R402: 79, 576
R89: 68, 577
L68: 0, 578
L823: 77, 586
R9: 86, 586
R7: 93, 586
L7: 86, 586
L9: 77, 586
L1: 76, 586
R72: 48, 587
R55: 3, 588
L3: 0, 589
R748: 48, 596
R127: 75, 597
L75: 0, 598
L70: 30, 598
L30: 0, 599
L56: 44, 599
R73: 17, 600
L17: 0, 601
L49: 51, 601
R59: 10, 602
L610: 0, 609
L437: 63, 613
R37: 0, 614
L361: 39, 617
L297: 42, 620
R98: 40, 621
R71: 11, 622
L13: 98, 623
L98: 0, 624
L59: 41, 624
L29: 12, 624
L97: 15, 625
R64: 79, 625
L73: 6, 625
L5: 1, 625
L89: 12, 626
L12: 0, 627
L80: 20, 627
R80: 0, 628
L630: 70, 634
L48: 22, 634
R14: 36, 634
R99: 35, 635
L119: 16, 636
L316: 0, 640
L18: 82, 640
R18: 0, 641
R94: 94, 641
L94: 0, 642
L77: 23, 642
L23: 0, 643
L661: 39, 649
R911: 50, 658
R50: 0, 659
R12: 12, 659
R12: 24, 659
R776: 0, 667
L175: 25, 668
R1: 26, 668
R74: 0, 669
R27: 27, 669
L52: 75, 670
L90: 85, 671
L55: 30, 671
L30: 0, 672
R10: 10, 672
R4: 14, 672
L7: 7, 672
R625: 32, 678
L32: 0, 679
R37: 37, 679
L82: 55, 680
L59: 96, 681
R84: 80, 682
R55: 35, 683
R29: 64, 683
L13: 51, 683
L51: 0, 684
L150: 50, 685
L58: 92, 686
R38: 30, 687
R81: 11, 688
L11: 0, 689
L78: 22, 689
R1: 23, 689
R14: 37, 689
R63: 0, 690
L51: 49, 690
L6: 43, 690
R57: 0, 691
L12: 88, 691
L65: 23, 691
L57: 66, 692
R9: 75, 692
R621: 96, 698
R98: 94, 699
R6: 0, 700
L27: 73, 700
R52: 25, 701
L56: 69, 702
L18: 51, 702
L94: 57, 703
L16: 41, 703
R559: 0, 709
L67: 33, 709
R67: 0, 710
R1: 1, 710
L12: 89, 711
R30: 19, 712
R424: 43, 716
L315: 28, 719
L39: 89, 720
L89: 0, 721
L35: 65, 721
L33: 32, 721
R49: 81, 721
R44: 25, 722
L25: 0, 723
L76: 24, 723
L24: 0, 724
L30: 70, 724
L70: 0, 725
R82: 82, 725
L421: 61, 729
L22: 39, 729
R89: 28, 730
L28: 0, 731
R88: 88, 731
R62: 50, 732
L68: 82, 733
R18: 0, 734
L69: 31, 734
L76: 55, 735
L76: 79, 736
L279: 0, 739
R76: 76, 739
R24: 0, 740
R77: 77, 740
L77: 0, 741
L933: 67, 750
L67: 0, 751
L59: 41, 751
L398: 43, 755
L55: 88, 756
L488: 0, 761
R52: 52, 761
R30: 82, 761
L17: 65, 761
R35: 0, 762
R42: 42, 762
L442: 0, 767
L29: 71, 767
L71: 0, 768
R68: 68, 768
R841: 9, 777
R11: 20, 777
L815: 5, 785
L5: 0, 786
L18: 82, 786
L49: 33, 786
R58: 91, 786
R74: 65, 787
L506: 59, 792
R31: 90, 792
R10: 0, 793
L36: 64, 793
L89: 75, 794
L53: 22, 794
R56: 78, 794
R325: 3, 798
R76: 79, 798
R90: 69, 799
L90: 79, 800
L25: 54, 800
L71: 83, 801
R17: 0, 802
R89: 89, 802
R879: 68, 811
L14: 54, 811
R46: 0, 812
L7: 93, 812
L611: 82, 818
R18: 0, 819
L53: 47, 819
L78: 69, 820
R40: 9, 821
L63: 46, 822
R954: 0, 832
R905: 5, 841
L542: 63, 847
L95: 68, 848
R32: 0, 849
L41: 59, 849
L90: 69, 850
R96: 65, 851
R35: 0, 852
L10: 90, 852
L9: 81, 852
L81: 0, 853
L15: 85, 853
L785: 0, 861
L35: 65, 861
L66: 99, 862
L99: 0, 863
L81: 19, 863
L970: 49, 873
R82: 31, 874
L64: 67, 875
R278: 45, 878
R55: 0, 879
R131: 31, 880
R75: 6, 881
R71: 77, 881
R1: 78, 881
R22: 0, 882
R1: 1, 882
R99: 0, 883
L11: 89, 883
R23: 12, 884
L754: 58, 892
R97: 55, 893
R83: 38, 894
R31: 69, 894
R868: 37, 903
R63: 0, 904
L62: 38, 904
L37: 1, 904
L24: 77, 905
R81: 58, 906
R15: 73, 906
L73: 0, 907
L59: 41, 907
R59: 0, 908
L52: 48, 908
R4: 52, 908
L87: 65, 909
R39: 4, 910
R50: 54, 910
L11: 43, 910
R57: 0, 911
L318: 82, 914
R887: 69, 923
L54: 15, 923
L62: 53, 924
L85: 68, 925
L60: 8, 925
R34: 42, 925
L20: 22, 925
R596: 18, 931
R82: 0, 932
L673: 27, 938
L51: 76, 939
L76: 0, 940
R476: 76, 944
R48: 24, 945
L63: 61, 946
R39: 0, 947
L349: 51, 950
L151: 0, 952
L762: 38, 959
R76: 14, 960
L80: 34, 961
R866: 0, 970
L67: 33, 970
R67: 0, 971
L784: 16, 978
L10: 6, 978
R89: 95, 978
L91: 4, 978
R846: 50, 986
R450: 0, 991
L94: 6, 991
L984: 22, 1001
R766: 88, 1008
R92: 80, 1009
L96: 84, 1010
L84: 0, 1011
L88: 12, 1011
L12: 0, 1012
L91: 9, 1012
L44: 65, 1013
R70: 35, 1014
L6: 29, 1014
R27: 56, 1014
L56: 0, 1015
R55: 55, 1015
L40: 15, 1015
L15: 0, 1016
R92: 92, 1016
R36: 28, 1017
L828: 0, 1026
L89: 11, 1026
L611: 0, 1033
R26: 26, 1033
R42: 68, 1033
L68: 0, 1034
R41: 41, 1034
R50: 91, 1034
R9: 0, 1035
R813: 13, 1043
R16: 29, 1043
R8: 37, 1043
L137: 0, 1045
L26: 74, 1045
R26: 0, 1046
R85: 85, 1046
R24: 9, 1047
R16: 25, 1047
L88: 37, 1048
L637: 0, 1055
R87: 87, 1055
R581: 68, 1061
R17: 85, 1061
L70: 15, 1061
L15: 0, 1062
L92: 8, 1062
L808: 0, 1071
R80: 80, 1071
L60: 20, 1071
R86: 6, 1072
L35: 71, 1073
L98: 73, 1074
R64: 37, 1075
L1: 36, 1075
R64: 0, 1076
L4: 96, 1076
L96: 0, 1077
L51: 49, 1077
L82: 67, 1078
L67: 0, 1079
R92: 92, 1079
L45: 47, 1079
L5: 42, 1079
R58: 0, 1080
R547: 47, 1085
R61: 8, 1086
R58: 66, 1086
L458: 8, 1090
L708: 0, 1098
R1: 1, 1098
R78: 79, 1098
L84: 95, 1099
R87: 82, 1100
L82: 0, 1101
R32: 32, 1101
L81: 51, 1102
R82: 33, 1103
R67: 0, 1104
L51: 49, 1104
R21: 70, 1104
L47: 23, 1104
L23: 0, 1105
L76: 24, 1105
R14: 38, 1105
R58: 96, 1105
R83: 79, 1106
R167: 46, 1108
L27: 19, 1108
R81: 0, 1109
R61: 61, 1109
R39: 0, 1110
R59: 59, 1110
R69: 28, 1111
L20: 8, 1111
R69: 77, 1111
L819: 58, 1119
R89: 47, 1120
R53: 0, 1121
R886: 86, 1129
L24: 62, 1129
L50: 12, 1129
L279: 33, 1132
R85: 18, 1133
L36: 82, 1134
R50: 32, 1135
L632: 0, 1142
L1: 99, 1142
R1: 0, 1143
R57: 57, 1143
R46: 3, 1144
L75: 28, 1145
L867: 61, 1154
L17: 44, 1154
L7: 37, 1154
R63: 0, 1155
R908: 8, 1164
R92: 0, 1165
L274: 26, 1167
R90: 16, 1168
L77: 39, 1169
R61: 0, 1170
L68: 32, 1170
R75: 7, 1171
R580: 87, 1176
R370: 57, 1180
R28: 85, 1180
L85: 0, 1181
R55: 55, 1181
L55: 0, 1182
R68: 68, 1182
R47: 15, 1183
R85: 0, 1184
L61: 39, 1184
R61: 0, 1185
L64: 36, 1185
L44: 92, 1186
R28: 20, 1187
R71: 91, 1187
L44: 47, 1187
R937: 84, 1196
L74: 10, 1196
L57: 53, 1197
R2: 55, 1197
R879: 34, 1206
L80: 54, 1207
L54: 0, 1208
R50: 50, 1208
L41: 9, 1208
L78: 31, 1209
L31: 0, 1210
L39: 61, 1210
R70: 31, 1211
L70: 61, 1212
R39: 0, 1213
L270: 30, 1215
L13: 17, 1215
R16: 33, 1215
L33: 0, 1216
L27: 73, 1216
R27: 0, 1217
R32: 32, 1217
R68: 0, 1218
L32: 68, 1218
R1: 69, 1218
R15: 84, 1218
L17: 67, 1218
L333: 34, 1221
R66: 0, 1222
L573: 27, 1227
R169: 96, 1228
R4: 0, 1229
L62: 38, 1229
L95: 43, 1230
L16: 27, 1230
R17: 44, 1230
R95: 39, 1231
R18: 57, 1231
L57: 0, 1232
R47: 47, 1232
L819: 28, 1240
R72: 0, 1241
L13: 87, 1241
R76: 63, 1242
R37: 0, 1243
R90: 90, 1243
L90: 0, 1244
R2: 2, 1244
L33: 69, 1245
R31: 0, 1246
L24: 76, 1246
R43: 19, 1247
R45: 64, 1247
L22: 42, 1247
R22: 64, 1247
R26: 90, 1247
L74: 16, 1247
R64: 80, 1247
R55: 35, 1248
R757: 92, 1255
L948: 44, 1264
R37: 81, 1264
R563: 44, 1270
R49: 93, 1270
R79: 72, 1271
L24: 48, 1271
R73: 21, 1272
L54: 67, 1273
L94: 73, 1274
R27: 0, 1275
R50: 50, 1275
L59: 91, 1276
R54: 45, 1277
R67: 12, 1278
R31: 43, 1278
R57: 0, 1279
L5: 95, 1279
R67: 62, 1280
L62: 0, 1281
L13: 87, 1281
L87: 0, 1282
L854: 46, 1290
L46: 0, 1291
L40: 60, 1291
L24: 36, 1291
L31: 5, 1291
R22: 27, 1291
R80: 7, 1292
R38: 45, 1292
R58: 3, 1293
R85: 88, 1293
L922: 66, 1302
L18: 48, 1302
L74: 74, 1303
L74: 0, 1304
R64: 64, 1304
R72: 36, 1305
R64: 0, 1306
R349: 49, 1309
R563: 12, 1315
L4: 8, 1315
L8: 0, 1316
R24: 24, 1316
L783: 41, 1324
R50: 91, 1324
R9: 0, 1325
L772: 28, 1332
R278: 6, 1335
R85: 91, 1335
R125: 16, 1337
R2: 18, 1337
L83: 35, 1338
L51: 84, 1339
L584: 0, 1345
R321: 21, 1348
R85: 6, 1349
L19: 87, 1350
R81: 68, 1351
L96: 72, 1352
R30: 2, 1353
L61: 41, 1354
L71: 70, 1355
R30: 0, 1356
R796: 96, 1363
L936: 60, 1372
R47: 7, 1373
R58: 65, 1373
R22: 87, 1373
L87: 0, 1374
R68: 68, 1374
R2: 70, 1374
R30: 0, 1375
L92: 8, 1375
R2: 10, 1375
R522: 32, 1380
R468: 0, 1385
R17: 17, 1385
R49: 66, 1385
L55: 11, 1385
R46: 57, 1385
R99: 56, 1386
R65: 21, 1387
R72: 93, 1387
L2: 91, 1387
R9: 0, 1388
L82: 18, 1388
R12: 30, 1388
L74: 56, 1389
R751: 7, 1397
R74: 81, 1397
L2: 79, 1397
L920: 59, 1406
L95: 64, 1407
R30: 94, 1407
R6: 0, 1408
L40: 60, 1408
R13: 73, 1408
R427: 0, 1413
L48: 52, 1413
L40: 12, 1413
L6: 6, 1413
R43: 49, 1413
L49: 0, 1414
L56: 44, 1414
L14: 30, 1414
R70: 0, 1415
L96: 4, 1415
R71: 75, 1415
L53: 22, 1415
R91: 13, 1416
L736: 77, 1424
R502: 79, 1429
R89: 68, 1430
L68: 0, 1431
L61: 39, 1431
L589: 50, 1437
L50: 0, 1438
R8: 8, 1438
L42: 66, 1439
R9: 75, 1439
L40: 35, 1439
R274: 9, 1442
R94: 3, 1443
R898: 1, 1452
L47: 54, 1453
R232: 86, 1455
R93: 79, 1456
R321: 0, 1460
R76: 76, 1460
R24: 0, 1461
R945: 45, 1470
R807: 52, 1478
R6: 58, 1478
L769: 89, 1486
L15: 74, 1486
R43: 17, 1487
L51: 66, 1488
L66: 0, 1489
L66: 34, 1489
R26: 60, 1489
R83: 43, 1490
R513: 56, 1495
R561: 17, 1501
R36: 53, 1501
R59: 12, 1502
R21: 33, 1502
L86: 47, 1503
L47: 0, 1504
R31: 31, 1504
R68: 99, 1504
R48: 47, 1505
R87: 34, 1506
L46: 88, 1507
R77: 65, 1508
R21: 86, 1508
L86: 0, 1509
L89: 11, 1509
R61: 72, 1509
L90: 82, 1510
R85: 67, 1511
R392: 59, 1515
L57: 2, 1515
L282: 20, 1518
R23: 43, 1518
L43: 0, 1519
L97: 3, 1519
L88: 15, 1520
R88: 3, 1521
L45: 58, 1522
R74: 32, 1523
L32: 0, 1524
L85: 15, 1524
L930: 85, 1534
R8: 93, 1534
R56: 49, 1535
R2: 51, 1535
L57: 94, 1536
L45: 49, 1536
L49: 0, 1537
L70: 30, 1537
R709: 39, 1544
R61: 0, 1545
R99: 99, 1545
R801: 0, 1554
L77: 23, 1554
L23: 0, 1555
R730: 30, 1562
L630: 0, 1569
R9: 9, 1569
L9: 0, 1570
L38: 62, 1570
R36: 98, 1570
L71: 27, 1570
R55: 82, 1570
L282: 0, 1573
R60: 60, 1573
R40: 0, 1574
L76: 24, 1574
L92: 32, 1575
L2: 30, 1575
R11: 41, 1575
R51: 92, 1575
L89: 3, 1575
R22: 25, 1575
R18: 43, 1575
L543: 0, 1581
L40: 60, 1581
R498: 58, 1586
L158: 0, 1588
R13: 13, 1588
R70: 83, 1588
L683: 0, 1595
R80: 80, 1595
R87: 67, 1596
L43: 24, 1596
R258: 82, 1598
L6: 76, 1598
L76: 0, 1599
R462: 62, 1603
R67: 29, 1604
L29: 0, 1605
R60: 60, 1605
R840: 0, 1614
L99: 1, 1614
L74: 27, 1615
R6: 33, 1615
R67: 0, 1616
L875: 25, 1624
R84: 9, 1625
R71: 80, 1625
R48: 28, 1626
L31: 97, 1627
R3: 0, 1628
R98: 98, 1628
R35: 33, 1629
R67: 0, 1630
L46: 54, 1630
R447: 1, 1635
L1: 0, 1636
L90: 10, 1636
R28: 38, 1636
R47: 85, 1636
L29: 56, 1636
L869: 87, 1645
R282: 69, 1648
L58: 11, 1648
L67: 44, 1649
L49: 95, 1650
R82: 77, 1651
L267: 10, 1653
L940: 70, 1663
R17: 87, 1663
R48: 35, 1664
L79: 56, 1665
R78: 34, 1666
L48: 86, 1667
L89: 97, 1668
L45: 52, 1668
R29: 81, 1668
L45: 36, 1668
L57: 79, 1669
L92: 87, 1670
R26: 13, 1671
R83: 96, 1671
L596: 0, 1677
R74: 74, 1677
R10: 84, 1677
R580: 64, 1683
R36: 0, 1684
R70: 70, 1684
R94: 64, 1685
R89: 53, 1686
L53: 0, 1687
L31: 69, 1687
L71: 98, 1688
R28: 26, 1689
R87: 13, 1690
L413: 0, 1695
R11: 11, 1695
L11: 0, 1696
L35: 65, 1696
R21: 86, 1696
R14: 0, 1697
L217: 83, 1699
L15: 68, 1699
L68: 0, 1700
R96: 96, 1700
R20: 16, 1701
L16: 0, 1702
R81: 81, 1702
R64: 45, 1703
L45: 0, 1704
L454: 46, 1708
R354: 0, 1712
R504: 4, 1717
L404: 0, 1722
L90: 10, 1722
R90: 0, 1723
L347: 53, 1726
R8: 61, 1726
R39: 0, 1727
L51: 49, 1727
L419: 30, 1731
R92: 22, 1732
R78: 0, 1733
R30: 30, 1733
L34: 96, 1734
R623: 19, 1741
L34: 85, 1742
R15: 0, 1743
L23: 77, 1743
L77: 0, 1744
L22: 78, 1744
L96: 82, 1745
R52: 34, 1746
L2: 32, 1746
L32: 0, 1747
L54: 46, 1747
R99: 45, 1748
L45: 0, 1749
R60: 60, 1749
L901: 59, 1758
R252: 11, 1761
L11: 0, 1762
L3: 97, 1762
R3: 0, 1763
L50: 50, 1763
L50: 0, 1764
R322: 22, 1767
L20: 2, 1767
R98: 0, 1768
L71: 29, 1768
R95: 24, 1769
L157: 67, 1771
L67: 0, 1772
L21: 79, 1772
L96: 83, 1773
L14: 69, 1773
L40: 29, 1773
R8: 37, 1773
L88: 49, 1774
L85: 64, 1775
R36: 0, 1776
R60: 60, 1776
L60: 0, 1777
R2: 2, 1777
R41: 43, 1777
R176: 19, 1779
R81: 0, 1780
L74: 26, 1780
R138: 64, 1781
R384: 48, 1785
L91: 57, 1786
L970: 87, 1796
L87: 0, 1797
L610: 90, 1803
R72: 62, 1804
L472: 90, 1809
R10: 0, 1810
L774: 26, 1817
R33: 59, 1817
L959: 0, 1827
R73: 73, 1827
L79: 94, 1828
R2: 96, 1828
L3: 93, 1828
L93: 0, 1829
R77: 77, 1829
R90: 67, 1830
R133: 0, 1832
R96: 96, 1832
R4: 0, 1833
L51: 49, 1833
R727: 76, 1840
L24: 52, 1840
L4: 48, 1840
R52: 0, 1841
R12: 12, 1841
L503: 9, 1846
R33: 42, 1846
R95: 37, 1847
L76: 61, 1848
R39: 0, 1849
L335: 65, 1852
L990: 75, 1862
L57: 18, 1862
L85: 33, 1863
R823: 56, 1871
L93: 63, 1872
R56: 19, 1873
R89: 8, 1874
R69: 77, 1874
R223: 0, 1877
R33: 33, 1877
R67: 0, 1878
L514: 86, 1883
L5: 81, 1883
L81: 0, 1884
R2: 2, 1884
L1: 1, 1884
R52: 53, 1884
R65: 18, 1885
L18: 0, 1886
L86: 14, 1886
R286: 0, 1889
L63: 37, 1889
L41: 96, 1890
R57: 53, 1891
L67: 86, 1892
L581: 5, 1897
R187: 92, 1898
R53: 45, 1899
R55: 0, 1900
L427: 73, 1904
L816: 57, 1912
L90: 67, 1913
L17: 50, 1913
R967: 17, 1923
R16: 33, 1923
R90: 23, 1924
L49: 74, 1925
R926: 0, 1935
L58: 42, 1935
R92: 34, 1936
L44: 90, 1937
L66: 24, 1937
L556: 68, 1943
R32: 0, 1944
L89: 11, 1944
L21: 90, 1945
R10: 0, 1946
L42: 58, 1946
L894: 64, 1955
L926: 38, 1964
R62: 0, 1965
L72: 28, 1965
L28: 0, 1966
R78: 78, 1966
R622: 0, 1973
R71: 71, 1973
L73: 98, 1974
R41: 39, 1975
R856: 95, 1983
R46: 41, 1984
L46: 95, 1985
L95: 0, 1986
R67: 67, 1986
R33: 0, 1987
R26: 26, 1987
R65: 91, 1987
R9: 0, 1988
L790: 10, 1995
R840: 50, 2003
R50: 0, 2004
R23: 23, 2004
R993: 16, 2014
L16: 0, 2015
L61: 39, 2015
R91: 30, 2016
R92: 22, 2017
R78: 0, 2018
L42: 58, 2018
R42: 0, 2019
R917: 17, 2028
R22: 39, 2028
R25: 64, 2028
R236: 0, 2031
R688: 88, 2037
L82: 6, 2037
R179: 85, 2038
L52: 33, 2038
R286: 19, 2041
L441: 78, 2046
R722: 0, 2054
L32: 68, 2054
L80: 88, 2055
R4: 92, 2055
R186: 78, 2057
R622: 0, 2064
R38: 38, 2064
L438: 0, 2069
R81: 81, 2069
L17: 64, 2069
R36: 0, 2070
L9: 91, 2070
L284: 7, 2072
L44: 63, 2073
R26: 89, 2073
L85: 4, 2073
R96: 0, 2074
L781: 19, 2081
L9: 10, 2081
R590: 0, 2087
L543: 57, 2092
L97: 60, 2093
L60: 0, 2094
R45: 45, 2094
L45: 0, 2095
R21: 21, 2095
L21: 0, 2096
R17: 17, 2096
L17: 0, 2097
R14: 14, 2097
R86: 0, 2098
L32: 68, 2098
R11: 79, 2098
R821: 0, 2107
L64: 36, 2107
R149: 85, 2108
L91: 94, 2109
R6: 0, 2110
L15: 85, 2110
L85: 0, 2111
R72: 72, 2111
R79: 51, 2112
R49: 0, 2113
R61: 61, 2113
L40: 21, 2113
L21: 0, 2114
R93: 93, 2114
L42: 51, 2114
R11: 62, 2114
R62: 24, 2115
L224: 0, 2118
L5: 95, 2118
R28: 23, 2119
R83: 6, 2120
L106: 0, 2122
R57: 57, 2122
L257: 0, 2125
L58: 42, 2125
L42: 0, 2126
L28: 72, 2126
L11: 61, 2126
L61: 0, 2127
R964: 64, 2136
R636: 0, 2143
L41: 59, 2143
R22: 81, 2143
R6: 87, 2143
R72: 59, 2144
L56: 3, 2144
R97: 0, 2145
L52: 48, 2145
R252: 0, 2148
L59: 41, 2148
R59: 0, 2149
R40: 40, 2149
R60: 0, 2150
R93: 93, 2150
R607: 0, 2157
L89: 11, 2157
L16: 95, 2158
R68: 63, 2159
R59: 22, 2160
R74: 96, 2160
L514: 82, 2165
R18: 0, 2166
L32: 68, 2166
L94: 74, 2167
L74: 0, 2168
L167: 33, 2169
L33: 0, 2170
L18: 82, 2170
R72: 54, 2171
R111: 65, 2172
R335: 0, 2176
R71: 71, 2176
L71: 0, 2177
R586: 86, 2182
R314: 0, 2186
R44: 44, 2186
R635: 79, 2192
R21: 0, 2193
L16: 84, 2193
R42: 26, 2194
L93: 33, 2195
R73: 6, 2196
R2: 8, 2196
R49: 57, 2196
L57: 0, 2197
R82: 82, 2197
R95: 77, 2198
R47: 24, 2199
R34: 58, 2199
L372: 86, 2203
L33: 53, 2203
R88: 41, 2204
L41: 0, 2205
L40: 60, 2205
R37: 97, 2205
R1: 98, 2205
L193: 5, 2206
R6: 11, 2206
R872: 83, 2214
L68: 15, 2214
R70: 85, 2214
R61: 46, 2215
R3: 49, 2215
R51: 0, 2216
R87: 87, 2216
R13: 0, 2217
L829: 71, 2225
L71: 0, 2226
R3: 3, 2226
R44: 47, 2226
L7: 40, 2226
R764: 4, 2234
R78: 82, 2234
L82: 0, 2235
L37: 63, 2235
R9: 72, 2235
R66: 38, 2236
L60: 78, 2237
L28: 50, 2237
L40: 10, 2237
L446: 64, 2242
R36: 0, 2243
R135: 35, 2244
L92: 43, 2245
R61: 4, 2246
R23: 27, 2246
R94: 21, 2247
L41: 80, 2248
L99: 81, 2249
R19: 0, 2250
L61: 39, 2250
R91: 30, 2251
L875: 55, 2260
R65: 20, 2261
L20: 0, 2262
R72: 72, 2262
L49: 23, 2262
L23: 0, 2263
R92: 92, 2263
L242: 50, 2265
L75: 75, 2266
L75: 0, 2267
R25: 25, 2267
R75: 0, 2268
R75: 75, 2268
R31: 6, 2269
R83: 89, 2269
R935: 24, 2279
R9: 33, 2279
R67: 0, 2280
L828: 72, 2288
R95: 67, 2289
R11: 78, 2289
L78: 0, 2290
R96: 96, 2290
R15: 11, 2291
R7: 18, 2291
R341: 59, 2294
L21: 38, 2294
R62: 0, 2295
L1: 99, 2295
L646: 53, 2301
R66: 19, 2302
L19: 0, 2303
L85: 15, 2303
R85: 0, 2304
L32: 68, 2304
R18: 86, 2304
L86: 0, 2305
L33: 67, 2305
L767: 0, 2313
R58: 58, 2313
R42: 0, 2314
L18: 82, 2314
L79: 3, 2314
L57: 46, 2315
R62: 8, 2316
R94: 2, 2317
R41: 43, 2317
R457: 0, 2322
R4: 4, 2322
R67: 71, 2322
R293: 64, 2325
L30: 34, 2325
R66: 0, 2326
L6: 94, 2326
R61: 55, 2327
R67: 22, 2328
R95: 17, 2329
R83: 0, 2330
R18: 18, 2330
L18: 0, 2331
R31: 31, 2331
R9: 40, 2331
R619: 59, 2337
L92: 67, 2338
R733: 0, 2346
R57: 57, 2346
R50: 7, 2347
R8: 15, 2347
R12: 27, 2347
R73: 0, 2348
L86: 14, 2348
R86: 0, 2349
L67: 33, 2349
R17: 50, 2349
R50: 0, 2350
R6: 6, 2350
R23: 29, 2350
L29: 0, 2351
R71: 71, 2351
R89: 60, 2352
R59: 19, 2353
L3: 16, 2353
R84: 0, 2354
R39: 39, 2354
R49: 88, 2354
R59: 47, 2355
L111: 36, 2356
R64: 0, 2357
R74: 74, 2357
L74: 0, 2358
R481: 81, 2362
L55: 26, 2362
R74: 0, 2363
R85: 85, 2363
L16: 69, 2363
L369: 0, 2367
R23: 23, 2367
R16: 39, 2367
R82: 21, 2368
R68: 89, 2368
L1: 88, 2368
L88: 0, 2369
L90: 10, 2369
R19: 29, 2369
L66: 63, 2370
L63: 0, 2371
R13: 13, 2371
L17: 96, 2372
R51: 47, 2373
L47: 0, 2374
L29: 71, 2374
L49: 22, 2374
L22: 0, 2375
R25: 25, 2375
L25: 0, 2376
R82: 82, 2376
L82: 0, 2377
R14: 14, 2377
L497: 17, 2382
R94: 11, 2383
L91: 20, 2384
R60: 80, 2384
R439: 19, 2389
L995: 24, 2399
R876: 0, 2408
L54: 46, 2408
L46: 0, 2409
L14: 86, 2409
R98: 84, 2410
L92: 92, 2411
R167: 59, 2413
R49: 8, 2414
L8: 0, 2415
R38: 38, 2415
R93: 31, 2416
L31: 0, 2417
R520: 20, 2422
R46: 66, 2422
R93: 59, 2423
L81: 78, 2424
L75: 3, 2424
L52: 51, 2425
L94: 57, 2426
L3: 54, 2426
L298: 56, 2429
R44: 0, 2430
L53: 47, 2430
L72: 75, 2431
L898: 77, 2440
R95: 72, 2441
R821: 93, 2449
R49: 42, 2450
L999: 43, 2460
L67: 76, 2461
R95: 71, 2462
L810: 61, 2470
R77: 38, 2471
R5: 43, 2471
R11: 54, 2471
R49: 3, 2472
L29: 74, 2473
L31: 43, 2473
R37: 80, 2473
L80: 0, 2474
R14: 14, 2474
R86: 0, 2475
L89: 11, 2475
L23: 88, 2476
L64: 24, 2476
L20: 4, 2476
L28: 76, 2477
L50: 26, 2477
R74: 0, 2478
R26: 26, 2478
R5: 31, 2478
R69: 0, 2479
R72: 72, 2479
L21: 51, 2479
L51: 0, 2480
R99: 99, 2480
R379: 78, 2484
R22: 0, 2485
L616: 84, 2491
L26: 58, 2491
L19: 39, 2491
R63: 2, 2492
R14: 16, 2492
R15: 31, 2492
R69: 0, 2493
R35: 35, 2493
L24: 11, 2493
L11: 0, 2494
L66: 34, 2494
R31: 65, 2494
R73: 38, 2495
L38: 0, 2496
R25: 25, 2496
R27: 52, 2496
L52: 0, 2497
R526: 26, 2502
L84: 42, 2503
L42: 0, 2504
R34: 34, 2504
L34: 0, 2505
R2: 2, 2505
L980: 22, 2515
L704: 18, 2522
R82: 0, 2523
L20: 80, 2523
L780: 0, 2531
L16: 84, 2531
R16: 0, 2532
L84: 16, 2532
L71: 45, 2533
R89: 34, 2534
R19: 53, 2534
L147: 6, 2535
L65: 41, 2536
R59: 0, 2537
R13: 13, 2537
L13: 0, 2538
L61: 39, 2538
R16: 55, 2538
L755: 0, 2546
L98: 2, 2546
L24: 78, 2547
L78: 0, 2548
R14: 14, 2548
L18: 96, 2549
R53: 49, 2550
R851: 0, 2559
R12: 12, 2559
R928: 40, 2568
L751: 89, 2576
L53: 36, 2576
R879: 15, 2585
L102: 13, 2586
L53: 60, 2587
L56: 4, 2587
L47: 57, 2588
L50: 7, 2588
L507: 0, 2594
R46: 46, 2594
R54: 0, 2595
R84: 84, 2595
L884: 0, 2604
L98: 2, 2604
R6: 8, 2604
L60: 48, 2605
L48: 0, 2606
R40: 40, 2606
L58: 82, 2607
L97: 85, 2608
L85: 0, 2609
R85: 85, 2609
L85: 0, 2610
L40: 60, 2610
L70: 90, 2611
R78: 68, 2612
L914: 54, 2621
L54: 0, 2622
R19: 19, 2622
L212: 7, 2624
L49: 58, 2625
L44: 14, 2625
R456: 70, 2629
L83: 87, 2630
R13: 0, 2631
R8: 8, 2631
L66: 42, 2632
L779: 63, 2640
L333: 30, 2643
L43: 87, 2644
R271: 58, 2647
L33: 25, 2647
R12: 37, 2647
L294: 43, 2650
R78: 21, 2651
L680: 41, 2658
R942: 83, 2667
R99: 82, 2668
L82: 0, 2669
L67: 33, 2669
L33: 0, 2670
R97: 97, 2670
R62: 59, 2671
L59: 0, 2672
L74: 26, 2672
L97: 29, 2673
R140: 69, 2674
L90: 79, 2675
L459: 20, 2679
R20: 40, 2679
L40: 0, 2680
R280: 80, 2682
R39: 19, 2683
L116: 3, 2684
L734: 69, 2692
R23: 92, 2692
L21: 71, 2692
L4: 67, 2692
L567: 0, 2698
R52: 52, 2698
L52: 0, 2699
R36: 36, 2699
R57: 93, 2699
L50: 43, 2699
R468: 11, 2704
L40: 71, 2705
L19: 52, 2705
L32: 20, 2705
R80: 0, 2706
R7: 7, 2706
R232: 39, 2708
L685: 54, 2715
R27: 81, 2715
R77: 58, 2716
R34: 92, 2716
R8: 0, 2717
L52: 48, 2717
R97: 45, 2718
L87: 58, 2719
R42: 0, 2720
R20: 20, 2720
L95: 25, 2721
L61: 64, 2722
L30: 34, 2722
R68: 2, 2723
R42: 44, 2723
R80: 24, 2724
L87: 37, 2725
L318: 19, 2728
L61: 58, 2729
L18: 40, 2729
L45: 95, 2730
R25: 20, 2731
L71: 49, 2732
L5: 44, 2732
R47: 91, 2732
R75: 66, 2733
R89: 55, 2734
R74: 29, 2735
L29: 0, 2736
L701: 99, 2743
L19: 80, 2743
R20: 0, 2744
L16: 84, 2744
L17: 67, 2744
R19: 86, 2744
L86: 0, 2745
R44: 44, 2745
L77: 67, 2746
R130: 97, 2747
L78: 19, 2747
L40: 79, 2748
R66: 45, 2749
L45: 0, 2750
L18: 82, 2750
R42: 24, 2751
L24: 0, 2752
L5: 95, 2752
L27: 68, 2752
R631: 99, 2758
L99: 0, 2759
L8: 92, 2759
R72: 64, 2760
L99: 65, 2761
L99: 66, 2762
R34: 0, 2763
L49: 51, 2763
L21: 30, 2763
L30: 0, 2764
R48: 48, 2764
R524: 72, 2769
R28: 0, 2770
R309: 9, 2773
R62: 71, 2773
L71: 0, 2774
R850: 50, 2782
R50: 0, 2783
R376: 76, 2786
L17: 59, 2786
L49: 10, 2786
L10: 0, 2787
L1: 99, 2787
R6: 5, 2788
R77: 82, 2788
L82: 0, 2789
L30: 70, 2789
R183: 53, 2791
R44: 97, 2791
R3: 0, 2792
L403: 97, 2796
L97: 0, 2797
L29: 71, 2797
R29: 0, 2798
L17: 83, 2798
R6: 89, 2798
L61: 28, 2798
R74: 2, 2799
L2: 0, 2800
L388: 12, 2803
R639: 51, 2809
L85: 66, 2810
L66: 0, 2811
R104: 4, 2812
R74: 78, 2812
R22: 0, 2813
L64: 36, 2813
L83: 53, 2814
R332: 85, 2817
L176: 9, 2818
R66: 75, 2818
R30: 5, 2819
L685: 20, 2826
R80: 0, 2827
R47: 47, 2827
L55: 92, 2828
R80: 72, 2829
L358: 14, 2832
L9: 5, 2832
L74: 31, 2833
L772: 59, 2841
R45: 4, 2842
R5: 9, 2842
L77: 32, 2843
L74: 58, 2844
L58: 0, 2845
L30: 70, 2845
L70: 0, 2846
L347: 53, 2849
L66: 87, 2850
R168: 55, 2852
L55: 0, 2853
L59: 41, 2853
L41: 0, 2854
R58: 58, 2854
L58: 0, 2855
R54: 54, 2855
R46: 0, 2856
L13: 87, 2856
R99: 86, 2857
L42: 44, 2857
R602: 46, 2863
R8: 54, 2863
R646: 0, 2870
L15: 85, 2870
R15: 0, 2871
R64: 64, 2871
L79: 85, 2872
R57: 42, 2873
R151: 93, 2874
R7: 0, 2875
R40: 40, 2875
L40: 0, 2876
R829: 29, 2884
L51: 78, 2885
L32: 46, 2885
L59: 87, 2886
L51: 36, 2886
L355: 81, 2890
R19: 0, 2891
R38: 38, 2891
R77: 15, 2892
L15: 0, 2893
L6: 94, 2893
R313: 7, 2897
R93: 0, 2898
L44: 56, 2898
L56: 0, 2899
L55: 45, 2899
L45: 0, 2900
L59: 41, 2900
R13: 54, 2900
R46: 0, 2901
R19: 19, 2901
L89: 30, 2902
L71: 59, 2903
R770: 29, 2911
R23: 52, 2911
L513: 39, 2916
R61: 0, 2917
L4: 96, 2917
L489: 7, 2921
L7: 0, 2922
L74: 26, 2922
R9: 35, 2922
R65: 0, 2923
R905: 5, 2932
L12: 93, 2933
L588: 5, 2938
L5: 0, 2939
R7: 7, 2939
L7: 0, 2940
L12: 88, 2940
L295: 93, 2943
L86: 7, 2943
R93: 0, 2944
L12: 88, 2944
L88: 0, 2945
L14: 86, 2945
L809: 77, 2953
L15: 62, 2953
R88: 50, 2954
R17: 67, 2954
R88: 55, 2955
L40: 15, 2955
L15: 0, 2956
L478: 22, 2960
R78: 0, 2961
L86: 14, 2961
L14: 0, 2962
R52: 52, 2962
R73: 25, 2963
L69: 56, 2964
L630: 26, 2970
R89: 15, 2971
L801: 14, 2979
L814: 0, 2988
R969: 69, 2997
R69: 38, 2998
L83: 55, 2999
R82: 37, 3000
L53: 84, 3001
L49: 35, 3001
R329: 64, 3004
R41: 5, 3005
L81: 24, 3006
L20: 4, 3006
R96: 0, 3007
R16: 16, 3007
L16: 0, 3008
L482: 18, 3012
R21: 39, 3012
R14: 53, 3012
L53: 0, 3013
L885: 15, 3021
R96: 11, 3022
L670: 41, 3029
L53: 88, 3030
R417: 5, 3035
R95: 0, 3036
R23: 23, 3036
L28: 95, 3037
R5: 0, 3038
R72: 72, 3038
R52: 24, 3039
R76: 0, 3040
L389: 11, 3043
L911: 0, 3053
L78: 22, 3053
L322: 0, 3057
R16: 16, 3057
R93: 9, 3058
R594: 3, 3064
L36: 67, 3065
R433: 0, 3070
R76: 76, 3070
R5: 81, 3070
R377: 58, 3074
L80: 78, 3075
R95: 73, 3076
R29: 2, 3077
L78: 24, 3078
L124: 0, 3080
R69: 69, 3080
L22: 47, 3080
R553: 0, 3086
R15: 15, 3086
R85: 0, 3087
R70: 70, 3087
L70: 0, 3088
L779: 21, 3095
L21: 0, 3096
L46: 54, 3096
L536: 18, 3101
L918: 0, 3111
R67: 67, 3111
L33: 34, 3111
L681: 53, 3118
R60: 13, 3119
R57: 70, 3119
L70: 0, 3120
R9: 9, 3120
R91: 0, 3121
L72: 28, 3121
R96: 24, 3122
R11: 35, 3122
L906: 29, 3131
R71: 0, 3132
L51: 49, 3132
R95: 44, 3133
L44: 0, 3134
R473: 73, 3138
R927: 0, 3148
R47: 47, 3148
L27: 20, 3148
L20: 0, 3149
R18: 18, 3149
L18: 0, 3150
R371: 71, 3153
L838: 33, 3161
R41: 74, 3161
L74: 0, 3162
R78: 78, 3162
L73: 5, 3162
R95: 0, 3163
R20: 20, 3163
L14: 6, 3163
L30: 76, 3164
L76: 0, 3165
R36: 36, 3165
R669: 5, 3172
R326: 31, 3175
L52: 79, 3176
L36: 43, 3176
R15: 58, 3176
R26: 84, 3176
R916: 0, 3186
R49: 49, 3186
R43: 92, 3186
L646: 46, 3192
R954: 0, 3202
L85: 15, 3202
L15: 0, 3203
L763: 37, 3210
R58: 95, 3210
L97: 98, 3211
R65: 63, 3212
L53: 10, 3212
R88: 98, 3212
L98: 0, 3213
R89: 89, 3213
R711: 0, 3221
L16: 84, 3221
L474: 10, 3225
R90: 0, 3226
L56: 44, 3226
L82: 62, 3227
R38: 0, 3228
R321: 21, 3231
R79: 0, 3232
R439: 39, 3236
R75: 14, 3237
L12: 2, 3237
L2: 0, 3238
R17: 17, 3238
R83: 0, 3239
L90: 10, 3239
L10: 0, 3240
L44: 56, 3240
R108: 64, 3241
L51: 13, 3241
L9: 4, 3241
R96: 0, 3242
L88: 12, 3242
L46: 66, 3243
L66: 0, 3244
R15: 15, 3244
L75: 40, 3245
L940: 0, 3255
R483: 83, 3259
R96: 79, 3260
R49: 28, 3261
R72: 0, 3262
L28: 72, 3262
R27: 99, 3262
R82: 81, 3263
R19: 0, 3264
L135: 65, 3265
L83: 82, 3266
L82: 0, 3267
L63: 37, 3267
R187: 24, 3269
L79: 45, 3270
R57: 2, 3271
L902: 0, 3281
L81: 19, 3281
L19: 0, 3282
L74: 26, 3282
R74: 0, 3283
R678: 78, 3289
R22: 0, 3290
L4: 96, 3290
L656: 40, 3296
L40: 0, 3297
R6: 6, 3297
L6: 0, 3298
L24: 76, 3298
L76: 0, 3299
L76: 24, 3299
R76: 0, 3300
R73: 73, 3300
L73: 0, 3301
L938: 62, 3310
R38: 0, 3311
L53: 47, 3311
L46: 1, 3311
R99: 0, 3312
L471: 29, 3316
L29: 0, 3317
L47: 53, 3317
L53: 0, 3318
R90: 90, 3318
R10: 0, 3319
L66: 34, 3319
R459: 93, 3323
R54: 47, 3324
R31: 78, 3324
R420: 98, 3328
R7: 5, 3329
L4: 1, 3329
R699: 0, 3336
R703: 3, 3343
R97: 0, 3344
L30: 70, 3344
L7: 63, 3344
R537: 0, 3350
L112: 88, 3351
R12: 0, 3352
L516: 84, 3357
L753: 31, 3364
L6: 25, 3364
L61: 64, 3365
R206: 70, 3367
R47: 17, 3368
L73: 44, 3369
L44: 0, 3370
L50: 50, 3370
R414: 64, 3374
L20: 44, 3374
R71: 15, 3375
L447: 68, 3380
R542: 10, 3386
R28: 38, 3386
L38: 0, 3387
L41: 59, 3387
R91: 50, 3388
R11: 61, 3388
L59: 2, 3388
R49: 51, 3388
R73: 24, 3389
R25: 49, 3389
L58: 91, 3390
L81: 10, 3390
R790: 0, 3398
R55: 55, 3398
R80: 35, 3399
L666: 69, 3406
R618: 87, 3412
R46: 33, 3413
L35: 98, 3414
L24: 74, 3414
R86: 60, 3415
L460: 0, 3420
R38: 38, 3420
L38: 0, 3421
L69: 31, 3421
L66: 65, 3422
R35: 0, 3423
L576: 24, 3428
R759: 83, 3435
L89: 94, 3436
L40: 54, 3436
L28: 26, 3436
R21: 47, 3436
L20: 27, 3436
L44: 83, 3437
R17: 0, 3438
R97: 97, 3438
L54: 43, 3438
R57: 0, 3439
R97: 97, 3439
R249: 46, 3442
R73: 19, 3443
R81: 0, 3444
R83: 83, 3444
R17: 0, 3445
R81: 81, 3445
L81: 0, 3446
R12: 12, 3446
L632: 80, 3453
L59: 21, 3453
R51: 72, 3453
R85: 57, 3454
R40: 97, 3454
R387: 84, 3458
R816: 0, 3467
L48: 52, 3467
R548: 0, 3473
L93: 7, 3473
R88: 95, 3473
L75: 20, 3473
L78: 42, 3474
L42: 0, 3475
R88: 88, 3475
R12: 0, 3476
L532: 68, 3481
L68: 0, 3482
R99: 99, 3482
L38: 61, 3482
R6: 67, 3482
R76: 43, 3483
L43: 0, 3484
L23: 77, 3484
R284: 61, 3487
R77: 38, 3488
L38: 0, 3489
R94: 94, 3489
R6: 0, 3490
L265: 35, 3492
R24: 59, 3492
R36: 95, 3492
L33: 62, 3492
L1: 61, 3492
R199: 60, 3494
R68: 28, 3495
L28: 0, 3496
R55: 55, 3496
R45: 0, 3497
L10: 90, 3497
L94: 96, 3498
R9: 5, 3499
L609: 96, 3506
L13: 83, 3506
L43: 40, 3506
L140: 0, 3508
R57: 57, 3508
R43: 0, 3509
L29: 71, 3509
L171: 0, 3511
L34: 66, 3511
L19: 47, 3511
R78: 25, 3512
L42: 83, 3513
L9: 74, 3513
L74: 0, 3514
L37: 63, 3514
R117: 80, 3515
R46: 26, 3516
L26: 0, 3517
R262: 62, 3519
R61: 23, 3520
R77: 0, 3521
L35: 65, 3521
L65: 0, 3522
L92: 8, 3522
L8: 0, 3523
R88: 88, 3523
L77: 11, 3523
L11: 0, 3524
L65: 35, 3524
L35: 0, 3525
L39: 61, 3525
R39: 0, 3526
L4: 96, 3526
R33: 29, 3527
L83: 46, 3528
L39: 7, 3528
R19: 26, 3528
L32: 94, 3529
L655: 39, 3535
R748: 87, 3542
L196: 91, 3544
R9: 0, 3545
R82: 82, 3545
L131: 51, 3546
R49: 0, 3547
R12: 12, 3547
R88: 0, 3548
R15: 15, 3548
L2: 13, 3548
R41: 54, 3548
L54: 0, 3549
R48: 48, 3549
L18: 30, 3549
R34: 64, 3549
R525: 89, 3554
L89: 0, 3555
R93: 93, 3555
R50: 43, 3556
L43: 0, 3557
L30: 70, 3557
L47: 23, 3557
R677: 0, 3564
R91: 91, 3564
R9: 0, 3565
L5: 95, 3565
L895: 0, 3574
R29: 29, 3574
L29: 0, 3575
R81: 81, 3575
R31: 12, 3576
R88: 0, 3577
L11: 89, 3577
R60: 49, 3578
R51: 0, 3579
L17: 83, 3579
R82: 65, 3580
L65: 0, 3581
R34: 34, 3581
R26: 60, 3581
L9: 51, 3581
L51: 0, 3582
R20: 20, 3582
R37: 57, 3582
L22: 35, 3582
R965: 0, 3592
L14: 86, 3592
L29: 57, 3592
R2: 59, 3592
L3: 56, 3592
L156: 0, 3594
R15: 15, 3594
L15: 0, 3595
R85: 85, 3595
L99: 86, 3596
R36: 22, 3597
R22: 44, 3597
L5: 39, 3597
R14: 53, 3597
L682: 71, 3604
R729: 0, 3612
R12: 12, 3612
R3: 15, 3612
R85: 0, 3613
R125: 25, 3614
L31: 94, 3615
R73: 67, 3616
R78: 45, 3617
R53: 98, 3617
L50: 48, 3617
L48: 0, 3618
R3: 3, 3618
R23: 26, 3618
L51: 75, 3619
R13: 88, 3619
L388: 0, 3623
R33: 33, 3623
R73: 6, 3624
R94: 0, 3625
L95: 5, 3625
R99: 4, 3626
R73: 77, 3626
R862: 39, 3635
L5: 34, 3635
R240: 74, 3637
L70: 4, 3637
R496: 0, 3642
R84: 84, 3642
R66: 50, 3643
R21: 71, 3643
R29: 0, 3644
R39: 39, 3644
L39: 0, 3645
R693: 93, 3651
L35: 58, 3651
R42: 0, 3652
R46: 46, 3652
L47: 99, 3653
R83: 82, 3654
R492: 74, 3659
L91: 83, 3660
R52: 35, 3661
L86: 49, 3662
R87: 36, 3663
L936: 0, 3673
R97: 97, 3673
L49: 48, 3673
R52: 0, 3674
R53: 53, 3674
R55: 8, 3675
L56: 52, 3676
L3: 49, 3676
L49: 0, 3677
R23: 23, 3677
L23: 0, 3678
R64: 64, 3678
L29: 35, 3678
R88: 23, 3679
R20: 43, 3679
R5: 48, 3679
R352: 0, 3683
L69: 31, 3683
L31: 0, 3684
L94: 6, 3684
R78: 84, 3684
L97: 87, 3685
R13: 0, 3686
R91: 91, 3686
R5: 96, 3686
L84: 12, 3686
L851: 61, 3695
R50: 11, 3696
R37: 48, 3696
R621: 69, 3702
R31: 0, 3703
L62: 38, 3703
L92: 46, 3704
R54: 0, 3705
L488: 12, 3709
L570: 42, 3715
R58: 0, 3716
L52: 48, 3716
R27: 75, 3716
R88: 63, 3717
L62: 1, 3717
R52: 53, 3717
L53: 0, 3718
L31: 69, 3718
L55: 14, 3718
R27: 41, 3718
R59: 0, 3719
R927: 27, 3728
L127: 0, 3730
R93: 93, 3730
L36: 57, 3730
R43: 0, 3731
R438: 38, 3735
R62: 0, 3736
R95: 95, 3736
R72: 67, 3737
L63: 4, 3737
R44: 48, 3737
R69: 17, 3738
R672: 89, 3744
R11: 0, 3745
R12: 12, 3745
L31: 81, 3746
L93: 88, 3747
R12: 0, 3748
R91: 91, 3748
L50: 41, 3748
L50: 91, 3749
R209: 0, 3752
R49: 49, 3752
R981: 30, 3762
L30: 0, 3763
R59: 59, 3763
R58: 17, 3764
L3: 14, 3764
L514: 0, 3770
R4: 4, 3770
L804: 0, 3779
R39: 39, 3779
R61: 0, 3780
L72: 28, 3780
R95: 23, 3781
L19: 4, 3781
L57: 47, 3782
L447: 0, 3787
R35: 35, 3787
L35: 0, 3788
R26: 26, 3788
L51: 75, 3789
R64: 39, 3790
L39: 0, 3791
R106: 6, 3792
R44: 50, 3792
L139: 11, 3793
R59: 70, 3793
R88: 58, 3794
R56: 14, 3795
L14: 0, 3796
L32: 68, 3796
L49: 19, 3796
L69: 50, 3797
R50: 0, 3798
R66: 66, 3798
L28: 38, 3798
R43: 81, 3798
R18: 99, 3798
L899: 0, 3807
R379: 79, 3810
L79: 0, 3811
R19: 19, 3811
L19: 0, 3812
R984: 84, 3821
L84: 0, 3822
R508: 8, 3827
R92: 0, 3828
R93: 93, 3828
R85: 78, 3829
L95: 83, 3830
L55: 28, 3830
R33: 61, 3830
R39: 0, 3831
R73: 73, 3831
R37: 10, 3832
R5: 15, 3832
L59: 56, 3833
R586: 42, 3839
R469: 11, 3844
R89: 0, 3845
L79: 21, 3845
L68: 53, 3846
R95: 48, 3847
R22: 70, 3847
L470: 0, 3852
R45: 45, 3852
R86: 31, 3853
L2: 29, 3853
L56: 73, 3854
L73: 0, 3855
L17: 83, 3855
L83: 0, 3856
L30: 70, 3856
L70: 0, 3857
R56: 56, 3857
R344: 0, 3861
L67: 33, 3861
L11: 22, 3861
R95: 17, 3862
L54: 63, 3863
R796: 59, 3871
L59: 0, 3872
L14: 86, 3872
L86: 0, 3873
R14: 14, 3873
R486: 0, 3878
R22: 22, 3878
R34: 56, 3878
R48: 4, 3879
R735: 39, 3886
L39: 0, 3887
L91: 9, 3887
L9: 0, 3888
L24: 76, 3888
L28: 48, 3888
L96: 52, 3889
L918: 34, 3898
L34: 0, 3899
L60: 40, 3899
R33: 73, 3899
R27: 0, 3900
R40: 40, 3900
L40: 0, 3901
L34: 66, 3901
R391: 57, 3905
R26: 83, 3905
L99: 84, 3906
L95: 89, 3907
R11: 0, 3908
L64: 36, 3908
L21: 15, 3908
R10: 25, 3908
L25: 0, 3909
L113: 87, 3910
L87: 0, 3911
L75: 25, 3911
R946: 71, 3920
L95: 76, 3921
L76: 0, 3922
L32: 68, 3922
R6: 74, 3922
R61: 35, 3923
R6: 41, 3923
L91: 50, 3924
L50: 0, 3925
R971: 71, 3934
L71: 0, 3935
R8: 8, 3935
L27: 81, 3936
L60: 21, 3936
R79: 0, 3937
R75: 75, 3937
L675: 0, 3944
L59: 41, 3944
R58: 99, 3944
R62: 61, 3945
R68: 29, 3946
R71: 0, 3947
L758: 42, 3954
L342: 0, 3958
R637: 37, 3964
L37: 0, 3965
L69: 31, 3965
R397: 28, 3969
R32: 60, 3969
R40: 0, 3970
L77: 23, 3970
R48: 71, 3970
R62: 33, 3971
R34: 67, 3971
L67: 0, 3972
R569: 69, 3977
L406: 63, 3981
L34: 29, 3981
L58: 71, 3982
R29: 0, 3983
L39: 61, 3983
L355: 6, 3986
L91: 15, 3987
R27: 42, 3987
R99: 41, 3988
L56: 85, 3989
L58: 27, 3989
L47: 80, 3990
R63: 43, 3991
R57: 0, 3992
R93: 93, 3992
R37: 30, 3993
L61: 69, 3994
L69: 0, 3995
R92: 92, 3995
R8: 0, 3996
R26: 26, 3996
R55: 81, 3996
L33: 48, 3996
R10: 58, 3996
R642: 0, 4003
L13: 87, 4003
R11: 98, 4003
L398: 0, 4007
L86: 14, 4007
R86: 0, 4008
R98: 98, 4008
L62: 36, 4008
R164: 0, 4010
L49: 51, 4010
L358: 93, 4014
R7: 0, 4015
L8: 92, 4015
L392: 0, 4019
R222: 22, 4021
R39: 61, 4021
R39: 0, 4022
L94: 6, 4022
L96: 10, 4023
L11: 99, 4024
L46: 53, 4024
L89: 64, 4025
R71: 35, 4026
R51: 86, 4026
R14: 0, 4027
L79: 21, 4027
R94: 15, 4028
R17: 32, 4028
R68: 0, 4029
L29: 71, 4029
L13: 58, 4029
R17: 75, 4029
L27: 48, 4029
R67: 15, 4030
L75: 40, 4031
R48: 88, 4031
R1: 89, 4031
L12: 77, 4031
L4: 73, 4031
R38: 11, 4032
R201: 12, 4034
L38: 74, 4035
R96: 70, 4036
R30: 0, 4037
L98: 2, 4037
L594: 8, 4043
R92: 0, 4044
L81: 19, 4044
R790: 9, 4052
R90: 99, 4052
R879: 78, 4061
L9: 69, 4061
L58: 11, 4061
R95: 6, 4062
R494: 0, 4067
L85: 15, 4067
L15: 0, 4068
R14: 14, 4068
R86: 0, 4069
R53: 53, 4069
R47: 0, 4070
L17: 83, 4070
R13: 96, 4070
L72: 24, 4070
L24: 0, 4071
L30: 70, 4071
L469: 1, 4075
L1: 0, 4076
L71: 29, 4076
R54: 83, 4076
R17: 0, 4077
L435: 65, 4081
L725: 40, 4088
L40: 0, 4089
R69: 69, 4089
L69: 0, 4090
L84: 16, 4090
R72: 88, 4090
R96: 84, 4091
L60: 24, 4091
L12: 12, 4091
L12: 0, 4092
L37: 63, 4092
L14: 49, 4092
L69: 80, 4093
L388: 92, 4097
L92: 0, 4098
L457: 43, 4102
R551: 94, 4107
R906: 0, 4117
R13: 13, 4117
L69: 44, 4118
L95: 49, 4119
L362: 87, 4123
R13: 0, 4124
R339: 39, 4127
L23: 16, 4127
L316: 0, 4131
L38: 62, 4131
L362: 0, 4135
R46: 46, 4135
R165: 11, 4137
L33: 78, 4138
L78: 0, 4139
L73: 27, 4139
L88: 39, 4140
R932: 71, 4149
R72: 43, 4150
L3: 40, 4150
R92: 32, 4151
R29: 61, 4151
L85: 76, 4152
R25: 1, 4153
L1: 0, 4154
L81: 19, 4154
R81: 0, 4155
R10: 10, 4155
R90: 0, 4156
L69: 31, 4156
L30: 1, 4156
L301: 0, 4160
R48: 48, 4160
R49: 97, 4160
L228: 69, 4162
L59: 10, 4162
L30: 80, 4163
R20: 0, 4164
L47: 53, 4164
R41: 94, 4164
R6: 0, 4165
R45: 45, 4165
L345: 0, 4169
R23: 23, 4169
R75: 98, 4169
R2: 0, 4170
R679: 79, 4176
R21: 0, 4177
L59: 41, 4177
R8: 49, 4177
R19: 68, 4177
R33: 1, 4178
R96: 97, 4178
R3: 0, 4179
L10: 90, 4179
R10: 0, 4180
L5: 95, 4180
R20: 15, 4181
R64: 79, 4181
R41: 20, 4182
R9: 29, 4182
L29: 0, 4183
L49: 51, 4183
R49: 0, 4184
L58: 42, 4184
L6: 36, 4184
L36: 0, 4185
R14: 14, 4185
L245: 69, 4188
L69: 0, 4189
R46: 46, 4189
L46: 0, 4190
R16: 16, 4190
L16: 0, 4191
R58: 58, 4191
L17: 41, 4191
L838: 3, 4199
R97: 0, 4200
L7: 93, 4200
L88: 5, 4200
R95: 0, 4201
R76: 76, 4201
L76: 0, 4202
L5: 95, 4202
L35: 60, 4202
L60: 0, 4203
R765: 65, 4210
L84: 81, 4211
R182: 63, 4213
L82: 81, 4214
R28: 9, 4215
R76: 85, 4215
L3: 82, 4215
L9: 73, 4215
L73: 0, 4216
L94: 6, 4216
L84: 22, 4217
L42: 80, 4218
L78: 2, 4218
R98: 0, 4219
L831: 69, 4227
L69: 0, 4228
L17: 83, 4228
R878: 61, 4237
R77: 38, 4238
L38: 0, 4239
R476: 76, 4243
R49: 25, 4244
L29: 96, 4245
R4: 0, 4246
L13: 87, 4246
R73: 60, 4247
L91: 69, 4248
L269: 0, 4251
L663: 37, 4257
R91: 28, 4258
L30: 98, 4259
L89: 9, 4259
R58: 67, 4259
L71: 96, 4260
L596: 0, 4266
R211: 11, 4268
R76: 87, 4268
R13: 0, 4269
R93: 93, 4269
R913: 6, 4279
L158: 48, 4281
L7: 41, 4281
R59: 0, 4282
R54: 54, 4282
R30: 84, 4282
R7: 91, 4282
L22: 69, 4282
L210: 59, 4284
L5: 54, 4284
R36: 90, 4284
L90: 0, 4285
L412: 88, 4289
L55: 33, 4289
L69: 64, 4290
R36: 0, 4291
L75: 25, 4291
L67: 58, 4292
R483: 41, 4297
L72: 69, 4298
R31: 0, 4299
R56: 56, 4299
R44: 0, 4300
R88: 88, 4300
L78: 10, 4300
R28: 38, 4300
R62: 0, 4301
R395: 95, 4304
R66: 61, 4305
L983: 78, 4315
L22: 56, 4315
R44: 0, 4316
L46: 54, 4316
R73: 27, 4317
L63: 64, 4318
R55: 19, 4319
L19: 0, 4320
L15: 85, 4320
L99: 86, 4321
R64: 50, 4322
R56: 6, 4323
R94: 0, 4324
L5: 95, 4324
R5: 0, 4325
L32: 68, 4325
L968: 0, 4335
L786: 14, 4342
L14: 0, 4343
R38: 38, 4343
R762: 0, 4351
R98: 98, 4351
R84: 82, 4352
L38: 44, 4352
R79: 23, 4353
R74: 97, 4353
R2: 99, 4353
L84: 15, 4353
R35: 50, 4353
R278: 28, 4356
L41: 87, 4357
L781: 6, 4364
L99: 7, 4365
L84: 23, 4366
R67: 90, 4366
L90: 0, 4367
L86: 14, 4367
L914: 0, 4377
L361: 39, 4380
R61: 0, 4381
L77: 23, 4381
L72: 51, 4382
L99: 52, 4383
L52: 0, 4384
R186: 86, 4385
R45: 31, 4386
L10: 21, 4386
R486: 7, 4391
L307: 0, 4395
R79: 79, 4395
R821: 0, 4404
L23: 77, 4404
R23: 0, 4405
R660: 60, 4411
L60: 0, 4412
R77: 77, 4412
R623: 0, 4419
L71: 29, 4419
L53: 76, 4420
L65: 11, 4420
L11: 0, 4421
L11: 89, 4421
L89: 0, 4422
R84: 84, 4422
L383: 1, 4425
R718: 19, 4432
L94: 25, 4433
R41: 66, 4433
L46: 20, 4433
R11: 31, 4433
R84: 15, 4434
R85: 0, 4435
L88: 12, 4435
R88: 0, 4436
R35: 35, 4436
R65: 0, 4437
L14: 86, 4437
L86: 0, 4438
L34: 66, 4438
L303: 63, 4441
L63: 0, 4442
L27: 73, 4442
R78: 51, 4443
L46: 5, 4443
R63: 68, 4443
R24: 92, 4443
L99: 93, 4444
R96: 89, 4445
L89: 0, 4446
R10: 10, 4446
L83: 27, 4447
R15: 42, 4447
R23: 65, 4447
R35: 0, 4448
R51: 51, 4448
R65: 16, 4449
R451: 67, 4453
R26: 93, 4453
L549: 44, 4458
R70: 14, 4459
L766: 48, 4467
L48: 0, 4468
L58: 42, 4468
R58: 0, 4469
R284: 84, 4471
L984: 0, 4481
L83: 17, 4481
L22: 95, 4482
R81: 76, 4483
L476: 0, 4488
L14: 86, 4488
L86: 0, 4489
R27: 27, 4489
R473: 0, 4494
L242: 58, 4496
L850: 8, 4504
R23: 31, 4504
L49: 82, 4505
R45: 27, 4506
R9: 36, 4506
L336: 0, 4510
R88: 88, 4510
R71: 59, 4511
L259: 0, 4514
L96: 4, 4514
L42: 62, 4515
R71: 33, 4516
R67: 0, 4517
R28: 28, 4517
L428: 0, 4522
L526: 74, 4527
L74: 0, 4528
R11: 11, 4528
L111: 0, 4530
L52: 48, 4530
R55: 3, 4531
L78: 25, 4532
R275: 0, 4535
L39: 61, 4535
L61: 0, 4536
R94: 94, 4536
R46: 40, 4537
R110: 50, 4538
R375: 25, 4542
L25: 0, 4543
R88: 88, 4543
R12: 0, 4544
L89: 11, 4544
L35: 76, 4545
R70: 46, 4546
R54: 0, 4547
R33: 33, 4547
R53: 86, 4547
L93: 93, 4548
L93: 0, 4549
R35: 35, 4549
L35: 0, 4550
R36: 36, 4550
R64: 0, 4551
R31: 31, 4551
R78: 9, 4552
R72: 81, 4552
L81: 0, 4553
R14: 14, 4553
R28: 42, 4553
L382: 60, 4557
R931: 91, 4566
R77: 68, 4567
R970: 38, 4577
R6: 44, 4577
R29: 73, 4577
R18: 91, 4577
R9: 0, 4578
L21: 79, 4578
R21: 0, 4579
L5: 95, 4579
L59: 36, 4579
R164: 0, 4581
L15: 85, 4581
L23: 62, 4581
L10: 52, 4581
R20: 72, 4581
R28: 0, 4582
R22: 22, 4582
R973: 95, 4591
L13: 82, 4591
L82: 0, 4592
L91: 9, 4592
L68: 41, 4593
R3: 44, 4593
L840: 4, 4601
R719: 23, 4608
R19: 42, 4608
R58: 0, 4609
R26: 26, 4609
L59: 67, 4610
R97: 64, 4611
L88: 76, 4612
R77: 53, 4613
L287: 66, 4616
R34: 0, 4617
R24: 24, 4617
L34: 90, 4618
L42: 48, 4618
L87: 61, 4619
L1: 60, 4619
L57: 3, 4619
L93: 10, 4620
R65: 75, 4620
L75: 0, 4621
L4: 96, 4621
L596: 0, 4627
L2: 98, 4627
L16: 82, 4627
R18: 0, 4628
R52: 52, 4628
R78: 30, 4629
L30: 0, 4630
L47: 53, 4630
L453: 0, 4635
R10: 10, 4635
L510: 0, 4641
L56: 44, 4641
R77: 21, 4642
L15: 6, 4642
L89: 17, 4643
L17: 0, 4644
R818: 18, 4652
R36: 54, 4652
L40: 14, 4652
R66: 80, 4652
L36: 44, 4652
R456: 0, 4657
L63: 37, 4657
R63: 0, 4658
L21: 79, 4658
R87: 66, 4659
R75: 41, 4660
R59: 0, 4661
L38: 62, 4661
R609: 71, 4667
L437: 34, 4671
L41: 93, 4672
L95: 98, 4673
R963: 61, 4683
L756: 5, 4690
L5: 0, 4691
L142: 58, 4692
L58: 0, 4693
R18: 18, 4693
R82: 0, 4694
R510: 10, 4699
R33: 43, 4699
R45: 88, 4699
L88: 0, 4700
R92: 92, 4700
L692: 0, 4707
L62: 38, 4707
L438: 0, 4712
R25: 25, 4712
L25: 0, 4713
L12: 88, 4713
R12: 0, 4714
L31: 69, 4714
R25: 94, 4714
R806: 0, 4723
L676: 24, 4729
R76: 0, 4730
L4: 96, 4730
L696: 0, 4737
R575: 75, 4742
R72: 47, 4743
R11: 58, 4743
L58: 0, 4744
L82: 18, 4744
R7: 25, 4744
R75: 0, 4745
L2: 98, 4745
R2: 0, 4746
R95: 95, 4746
R5: 0, 4747
L70: 30, 4747
L5: 25, 4747
R44: 69, 4747
L58: 11, 4747
R489: 0, 4752
L57: 43, 4752
L941: 2, 4761
R98: 0, 4762
L138: 62, 4763
R138: 0, 4765
R122: 22, 4766
L40: 82, 4767
L82: 0, 4768
L37: 63, 4768
L33: 30, 4768
R76: 6, 4769
L6: 0, 4770
L36: 64, 4770
R836: 0, 4779
R62: 62, 4779
R938: 0, 4789
L62: 38, 4789
R62: 0, 4790
L58: 42, 4790
L142: 0, 4792
R263: 63, 4794
L63: 0, 4795
R25: 25, 4795
R75: 0, 4796
L18: 82, 4796
R18: 0, 4797
R1: 1, 4797
L1: 0, 4798
L4: 96, 4798
L33: 63, 4798
R37: 0, 4799
R730: 30, 4806
L324: 6, 4809
R356: 62, 4812
R38: 0, 4813
R532: 32, 4818
L29: 3, 4818
L62: 41, 4819
R59: 0, 4820
L657: 43, 4826
L16: 27, 4826
L79: 48, 4827
R51: 99, 4827
L99: 0, 4828
R23: 23, 4828
L423: 0, 4833
R4: 4, 4833
R75: 79, 4833
R54: 33, 4834
L78: 55, 4835
R45: 0, 4836
R762: 62, 4843
L62: 0, 4844
R363: 63, 4847
R237: 0, 4850
R12: 12, 4850
L12: 0, 4851
R25: 25, 4851
R51: 76, 4851
L29: 47, 4851
L16: 31, 4851
L39: 92, 4852
R84: 76, 4853
R29: 5, 4854
R88: 93, 4854
R7: 0, 4855
R802: 2, 4863
L53: 49, 4864
R77: 26, 4865
L74: 52, 4866
R34: 86, 4866
R14: 0, 4867
R78: 78, 4867
R86: 64, 4868
R74: 38, 4869
R6: 44, 4869
L44: 0, 4870
L663: 37, 4876
L7: 30, 4876
L51: 79, 4877
L73: 6, 4877
R78: 84, 4877
L71: 13, 4877
R280: 93, 4879
R34: 27, 4880
L40: 87, 4881
L87: 0, 4882
L36: 64, 4882
L643: 21, 4888
R31: 52, 4888
R25: 77, 4888
R147: 24, 4890
R176: 0, 4892
R12: 12, 4892
R88: 0, 4893
L9: 91, 4893
R96: 87, 4894
R313: 0, 4898
R87: 87, 4898
R13: 0, 4899
R41: 41, 4899
L41: 0, 4900
R26: 26, 4900
R59: 85, 4900
L37: 48, 4900
L837: 11, 4908
R89: 0, 4909
L77: 23, 4909
L73: 50, 4910
L59: 91, 4911
R209: 0, 4914
L437: 63, 4918
R19: 82, 4918
L682: 0, 4925
R12: 12, 4925
L97: 15, 4926
L15: 0, 4927
R67: 67, 4927
L67: 0, 4928
L586: 14, 4933
R86: 0, 4934
L76: 24, 4934
R73: 97, 4934
L197: 0, 4936
R286: 86, 4938
R414: 0, 4943
R264: 64, 4945
L578: 86, 4951
R69: 55, 4952
R45: 0, 4953
L37: 63, 4953
R56: 19, 4954
R975: 94, 4963
L31: 63, 4963
R337: 0, 4967
R61: 61, 4967
R39: 0, 4968
L46: 54, 4968
L50: 4, 4968
L504: 0, 4974
R62: 62, 4974
L96: 66, 4975
L10: 56, 4975
L88: 68, 4976
L316: 52, 4979
L52: 0, 4980
L80: 20, 4980
L59: 61, 4981
L8: 53, 4981
R69: 22, 4982
R78: 0, 4983
L24: 76, 4983
R24: 0, 4984
L56: 44, 4984
R56: 0, 4985
L44: 56, 4985
R99: 55, 4986
R50: 5, 4987
R67: 72, 4987
L222: 50, 4989
R27: 77, 4989
L195: 82, 4991
L69: 13, 4991
R887: 0, 5000
L66: 34, 5000
L706: 28, 5007
R72: 0, 5008
R355: 55, 5011
R17: 72, 5011
R27: 99, 5011
R1: 0, 5012
L37: 63, 5012
L763: 0, 5020
L44: 56, 5020
R94: 50, 5021
L547: 3, 5026
R497: 0, 5031
R83: 83, 5031
L19: 64, 5031
R36: 0, 5032
R335: 35, 5035
R80: 15, 5036
L72: 43, 5037
R3: 46, 5037
L632: 14, 5043
L39: 75, 5044
R86: 61, 5045
R63: 24, 5046
R37: 61, 5046
L61: 0, 5047
L7: 93, 5047
L93: 0, 5048
R76: 76, 5048
R70: 46, 5049
L68: 78, 5050
R23: 1, 5051
R24: 25, 5051
R121: 46, 5052
R54: 0, 5053
R94: 94, 5053
L94: 0, 5054
R959: 59, 5063
R41: 0, 5064
L388: 12, 5067
R25: 37, 5067
L19: 18, 5067
R863: 81, 5075
R159: 40, 5077
R40: 80, 5077
L80: 0, 5078
L821: 79, 5086
R10: 89, 5086
L89: 0, 5087
L474: 26, 5091
L87: 39, 5092
R82: 21, 5093
R75: 96, 5093
L53: 43, 5093
L43: 0, 5094
L19: 81, 5094
L89: 92, 5095
L95: 97, 5096
L97: 0, 5097
R946: 46, 5106
R49: 95, 5106
R5: 0, 5107
L75: 25, 5107
R374: 99, 5110
R1: 0, 5111
R30: 30, 5111
L30: 0, 5112
R15: 15, 5112
L15: 0, 5113
R11: 11, 5113
L811: 0, 5122
L84: 16, 5122
L74: 42, 5123
R41: 83, 5123
L83: 0, 5124
L20: 80, 5124
L80: 0, 5125
R668: 68, 5131
R63: 31, 5132
L28: 3, 5132
R97: 0, 5133
L73: 27, 5133
R73: 0, 5134
R43: 43, 5134
L56: 87, 5135
R51: 38, 5136
R57: 95, 5136
R12: 7, 5137
R6: 13, 5137
R51: 64, 5137
R36: 0, 5138
R63: 63, 5138
L37: 26, 5138
L94: 32, 5139
L32: 0, 5140
R22: 22, 5140
L22: 0, 5141
R46: 46, 5141
L63: 83, 5142
R78: 61, 5143
R79: 40, 5144
R60: 0, 5145
R96: 96, 5145
R633: 29, 5152
L342: 87, 5156
R20: 7, 5157
L48: 59, 5158
R5: 64, 5158
R752: 16, 5166
R84: 0, 5167
L10: 90, 5167
L90: 0, 5168
R87: 87, 5168
R357: 44, 5172
R67: 11, 5173
R47: 58, 5173
L358: 0, 5177
L17: 83, 5177
R9: 92, 5177
L92: 0, 5178
R19: 19, 5178
R59: 78, 5178
L40: 38, 5178
R462: 0, 5183
L88: 12, 5183
L97: 15, 5184
L41: 74, 5185
L972: 2, 5194
R198: 0, 5196
L89: 11, 5196
R73: 84, 5196
R16: 0, 5197
L36: 64, 5197
R36: 0, 5198
R796: 96, 5205
R29: 25, 5206
L425: 0, 5211
R1: 1, 5211
R599: 0, 5217
R23: 23, 5217
R92: 15, 5218
R85: 0, 5219
L68: 32, 5219
R68: 0, 5220
R560: 60, 5225
L34: 26, 5225
L39: 87, 5226
L89: 98, 5227
L29: 69, 5227
R89: 58, 5228
L58: 0, 5229
L31: 69, 5229
L34: 35, 5229
R46: 81, 5229
R63: 44, 5230
R56: 0, 5231
L5: 95, 5231
R77: 72, 5232
L11: 61, 5232
R26: 87, 5232
R73: 60, 5233
L58: 2, 5233
R90: 92, 5233
L995: 97, 5243
L636: 61, 5249
L585: 76, 5255
R39: 15, 5256
L15: 0, 5257
R31: 31, 5257
L53: 78, 5258
R22: 0, 5259
R65: 65, 5259
R246: 11, 5262
R76: 87, 5262
R60: 47, 5263
L41: 6, 5263
R94: 0, 5264
R397: 97, 5267
L97: 0, 5268
R36: 36, 5268
L86: 50, 5269
R35: 85, 5269
R11: 96, 5269
L30: 66, 5269
R52: 18, 5270
L46: 72, 5271
L72: 0, 5272
R80: 80, 5272
L5: 75, 5272
L620: 55, 5278
R53: 8, 5279
R692: 0, 5286
R16: 16, 5286
L82: 34, 5287
L66: 68, 5288
R39: 7, 5289
R955: 62, 5298
R70: 32, 5299
R5: 37, 5299
L5: 32, 5299
L49: 83, 5300
R1: 84, 5300
L12: 72, 5300
R269: 41, 5303
R7: 48, 5303
L948: 0, 5313
L527: 73, 5318
R78: 51, 5319
R49: 0, 5320
L434: 66, 5324
L66: 0, 5325
L58: 42, 5325
L61: 81, 5326
R38: 19, 5327
R81: 0, 5328
R817: 17, 5336
R42: 59, 5336
L15: 44, 5336
R40: 84, 5336
L153: 31, 5337
L157: 74, 5339
R24: 98, 5339
R33: 31, 5340
R18: 49, 5340
R14: 63, 5340
R35: 98, 5340
R66: 64, 5341
R41: 5, 5342
L5: 0, 5343
R20: 20, 5343
L756: 64, 5351
R268: 32, 5354
L91: 41, 5355
L214: 27, 5357
L29: 98, 5358
R792: 90, 5366
L12: 78, 5366
R80: 58, 5367
R29: 87, 5367
R48: 35, 5368
L59: 76, 5369
R547: 23, 5375
R77: 0, 5376
L28: 72, 5376
R831: 3, 5385
L97: 6, 5386
L6: 0, 5387
R10: 10, 5387
R90: 0, 5388
R69: 69, 5388
L69: 0, 5389
R26: 26, 5389
L26: 0, 5390
R78: 78, 5390
R241: 19, 5393
L19: 0, 5394
R65: 65, 5394
R57: 22, 5395
R96: 18, 5396
R90: 8, 5397
R9: 17, 5397
R227: 44, 5399
R36: 80, 5399
L73: 7, 5399
L7: 0, 5400
L76: 24, 5400
L6: 18, 5400
L78: 40, 5401
R60: 0, 5402
L399: 1, 5405
R599: 0, 5411
R631: 31, 5417
L31: 0, 5418
R75: 75, 5418
L125: 50, 5419
L25: 25, 5419
L25: 0, 5420
R26: 26, 5420
L961: 65, 5430
R36: 1, 5431
R99: 0, 5432
R287: 87, 5434
R43: 30, 5435
R70: 0, 5436
R63: 63, 5436
L663: 0, 5443
L59: 41, 5443
L975: 66, 5453
R18: 84, 5453
R16: 0, 5454
L78: 22, 5454
R78: 0, 5455
R14: 14, 5455
L472: 42, 5460
R458: 0, 5465
R86: 86, 5465
L74: 12, 5465
L77: 35, 5466
R265: 0, 5469
L77: 23, 5469
R82: 5, 5470
L5: 0, 5471
R79: 79, 5471
R21: 0, 5472
R31: 31, 5472
R17: 48, 5472
R38: 86, 5472
R579: 65, 5478
L90: 75, 5479
R25: 0, 5480
L346: 54, 5483
L94: 60, 5484
L60: 0, 5485
L72: 28, 5485
L787: 41, 5493
R24: 65, 5493
L596: 69, 5499
R871: 40, 5508
L34: 6, 5508
R730: 36, 5515
R764: 0, 5523
R80: 80, 5523
L732: 48, 5530
L548: 0, 5536
L59: 41, 5536
R17: 58, 5536
R42: 0, 5537
R3: 3, 5537
L87: 16, 5538
R584: 0, 5544
L71: 29, 5544
R71: 0, 5545
L29: 71, 5545
R29: 0, 5546
L71: 29, 5546
R20: 49, 5546
R51: 0, 5547
L1: 99, 5547
R43: 42, 5548
R38: 80, 5548
L396: 84, 5552
L53: 31, 5552
R13: 44, 5552
R907: 51, 5561
L28: 23, 5561
L23: 0, 5562
R17: 17, 5562
R95: 12, 5563
R50: 62, 5563
L50: 12, 5563
R88: 0, 5564
R95: 95, 5564
L33: 62, 5564
R62: 24, 5565
R34: 58, 5565
L58: 0, 5566
L40: 60, 5566
R470: 30, 5571
L930: 0, 5581
L3: 97, 5581
L97: 0, 5582
L20: 80, 5582
L28: 52, 5582
L45: 7, 5582
L87: 20, 5583
R34: 54, 5583
L210: 44, 5585
L244: 0, 5588
R86: 86, 5588
L430: 56, 5592
R44: 0, 5593
L9: 91, 5593
R70: 61, 5594
L61: 0, 5595
R615: 15, 5601
R68: 83, 5601
R21: 4, 5602
R296: 0, 5605
R85: 85, 5605
R78: 63, 5606
L63: 0, 5607
R25: 25, 5607
R61: 86, 5607
R11: 97, 5607
L97: 0, 5608
L79: 21, 5608
L70: 51, 5609
L51: 0, 5610
L34: 66, 5610
L35: 31, 5610
R89: 20, 5611
L20: 0, 5612
R83: 83, 5612
R83: 66, 5613
R34: 0, 5614
L27: 73, 5614
R90: 63, 5615
R52: 15, 5616
R74: 89, 5616
L30: 59, 5616
R611: 70, 5622
L470: 0, 5627
L474: 26, 5631
L26: 0, 5632
R81: 81, 5632
L5: 76, 5632
L76: 0, 5633
R57: 57, 5633
R43: 0, 5634
L51: 49, 5634
R51: 0, 5635
L315: 85, 5638
R91: 76, 5639
L11: 65, 5639
R35: 0, 5640
L12: 88, 5640
R57: 45, 5641
L59: 86, 5642
R210: 96, 5644
L296: 0, 5647
R970: 70, 5656
L87: 83, 5657
R73: 56, 5658
L56: 0, 5659
L37: 63, 5659
R27: 90, 5659
L90: 0, 5660
L24: 76, 5660
R724: 0, 5668
R94: 94, 5668
R903: 97, 5677
L81: 16, 5677
L9: 7, 5677
L83: 24, 5678
R76: 0, 5679
L289: 11, 5681
L44: 67, 5682
L35: 32, 5682
L84: 48, 5683
R48: 96, 5683
R304: 0, 5687
L853: 47, 5695
R68: 15, 5696
R85: 0, 5697
R67: 67, 5697
R62: 29, 5698
R59: 88, 5698
L45: 43, 5698
L24: 19, 5698
L99: 20, 5699
R80: 0, 5700
L50: 50, 5700
L333: 17, 5703
L17: 0, 5704
L20: 80, 5704
L880: 0, 5713
R23: 23, 5713
R53: 76, 5713
L91: 85, 5714
R46: 31, 5715
R150: 81, 5716
L93: 88, 5717
L40: 48, 5717
L126: 22, 5718
L982: 40, 5728
R60: 0, 5729
R87: 87, 5729
L87: 0, 5730
R73: 73, 5730
L73: 0, 5731
L42: 58, 5731
L58: 0, 5732
R23: 23, 5732
R77: 0, 5733
L35: 65, 5733
L276: 89, 5736
R14: 3, 5737
R70: 73, 5737
L73: 0, 5738
L80: 20, 5738
R68: 88, 5738
R205: 93, 5740
L47: 46, 5740
R112: 58, 5741
L58: 0, 5742
L20: 80, 5742
R93: 73, 5743
R67: 40, 5744
L436: 4, 5748
L707: 97, 5756
L28: 69, 5756
R80: 49, 5757
L146: 3, 5758
L66: 37, 5759
L57: 80, 5760
L52: 28, 5760
L84: 44, 5761
R10: 54, 5761
R546: 0, 5767
R76: 76, 5767
L276: 0, 5770
R14: 14, 5770
L49: 65, 5771
R7: 72, 5771
L68: 4, 5771
R96: 0, 5772
R51: 51, 5772
L29: 22, 5772
R78: 0, 5773
R83: 83, 5773
L40: 43, 5773
R17: 60, 5773
L29: 31, 5773
R30: 61, 5773
L2: 59, 5773
R91: 50, 5774
R78: 28, 5775
R22: 50, 5775
L429: 21, 5779
L61: 60, 5780
L64: 96, 5781
R295: 91, 5784
R886: 77, 5793
R81: 58, 5794
R8: 66, 5794
R57: 23, 5795
R77: 0, 5796
L50: 50, 5796
L50: 0, 5797
L143: 57, 5798
R43: 0, 5799
R75: 75, 5799
R92: 67, 5800
R33: 0, 5801
R691: 91, 5807
L498: 93, 5812
L93: 0, 5813
L77: 23, 5813
R77: 0, 5814
L26: 74, 5814
L10: 64, 5814
R1: 65, 5814
R435: 0, 5819
L39: 61, 5819
R39: 0, 5820
L55: 45, 5820
L842: 3, 5828
R75: 78, 5828
R15: 93, 5828
L45: 48, 5828
R3: 51, 5828
R696: 47, 5835
L847: 0, 5844
L96: 4, 5844
L6: 98, 5845
R2: 0, 5846
R85: 85, 5846
L926: 59, 5855
R26: 85, 5855
R15: 0, 5856
L641: 59, 5862
L59: 0, 5863
R97: 97, 5863
R71: 68, 5864
R71: 39, 5865
R69: 8, 5866
L8: 0, 5867
L141: 59, 5868
L559: 0, 5874
R64: 64, 5874
R409: 73, 5878
L96: 77, 5879
R85: 62, 5880
L62: 0, 5881
L644: 56, 5887
L99: 57, 5888
L57: 0, 5889
L567: 33, 5894
R67: 0, 5895
L38: 62, 5895
L95: 67, 5896
L77: 90, 5897
L22: 68, 5897
R32: 0, 5898
L50: 50, 5898
L71: 79, 5899
R895: 74, 5908
L89: 85, 5909
L85: 0, 5910
L28: 72, 5910
R28: 0, 5911
R3: 3, 5911
R73: 76, 5911
R7: 83, 5911
L83: 0, 5912
L50: 50, 5912
L450: 0, 5917
L14: 86, 5917
R35: 21, 5918
R64: 85, 5918
R46: 31, 5919
L656: 75, 5926
R4: 79, 5926
L37: 42, 5926
L41: 1, 5926
R447: 48, 5930
R69: 17, 5931
L17: 0, 5932
L50: 50, 5932
L43: 7, 5932
L86: 21, 5933
R787: 8, 5941
L77: 31, 5942
L31: 0, 5943
R758: 58, 5950
R161: 19, 5952
R863: 82, 5960
R31: 13, 5961
L96: 17, 5962
L17: 0, 5963
L6: 94, 5963
R6: 0, 5964
L50: 50, 5964
R35: 85, 5964
R28: 13, 5965
L9: 4, 5965
R39: 43, 5965
R63: 6, 5966
L99: 7, 5967
R97: 4, 5968
L77: 27, 5969
L927: 0, 5979
L10: 90, 5979
R26: 16, 5980
R84: 0, 5981
L83: 17, 5981
L794: 23, 5989
L38: 85, 5990
L85: 0, 5991
L86: 14, 5991
L14: 0, 5992
R319: 19, 5995
L77: 42, 5996
L9: 33, 5996
L89: 44, 5997
L944: 0, 6007
L49: 51, 6007
R62: 13, 6008
R389: 2, 6012
L16: 86, 6013
L80: 6, 6013
L93: 13, 6014
R87: 0, 6015
R454: 54, 6019
R81: 35, 6020
L78: 57, 6021
L257: 0, 6024
L23: 77, 6024
L77: 0, 6025
R9: 9, 6025
R79: 88, 6025
R28: 16, 6026
L16: 0, 6027
L79: 21, 6027
L53: 68, 6028
R32: 0, 6029
L55: 45, 6029
L488: 57, 6034
L57: 0, 6035
L25: 75, 6035
L30: 45, 6035
R12: 57, 6035
L22: 35, 6035
L35: 0, 6036
R90: 90, 6036
L90: 0, 6037
L145: 55, 6038
R27: 82, 6038
R594: 76, 6044
L76: 0, 6045
R85: 85, 6045
R15: 0, 6046
L85: 15, 6046
L48: 67, 6047
R33: 0, 6048
L94: 6, 6048
L39: 67, 6049
L67: 0, 6050
R52: 52, 6050
R48: 0, 6051
L31: 69, 6051
L41: 28, 6051
L28: 0, 6052
L32: 68, 6052
L722: 46, 6059
L48: 98, 6060
R802: 0, 6069
R77: 77, 6069
R43: 20, 6070
R614: 34, 6076
R70: 4, 6077
L78: 26, 6078
L87: 39, 6079
R61: 0, 6080
R78: 78, 6080
L78: 0, 6081
R52: 52, 6081
L41: 11, 6081
R940: 51, 6090
L635: 16, 6096
L16: 0, 6097
R787: 87, 6104
R24: 11, 6105
R66: 77, 6105
R811: 88, 6113
L428: 60, 6117
L54: 6, 6117
R94: 0, 6118
R37: 37, 6118
L95: 42, 6119
L62: 80, 6120
R86: 66, 6121
L66: 0, 6122
R407: 7, 6126
L2: 5, 6126
L4: 1, 6126
R42: 43, 6126
L243: 0, 6129
R790: 90, 6136
L90: 0, 6137
L9: 91, 6137
R9: 0, 6138
L58: 42, 6138
R77: 19, 6139
R67: 86, 6139
R52: 38, 6140
R62: 0, 6141
L85: 15, 6141
L86: 29, 6142
L78: 51, 6143
L914: 37, 6152
R36: 73, 6152
L80: 93, 6153
R53: 46, 6154
L946: 0, 6164
L26: 74, 6164
R26: 0, 6165
R59: 59, 6165
L90: 69, 6166
L47: 22, 6166
R35: 57, 6166
L29: 28, 6166
R72: 0, 6167
L599: 1, 6172
R99: 0, 6173
L52: 48, 6173
L48: 0, 6174
L726: 74, 6181
L32: 42, 6181
L386: 56, 6185
L79: 77, 6186
L77: 0, 6187
R61: 61, 6187
L49: 12, 6187
L68: 44, 6188
L64: 80, 6189
L56: 24, 6189
R38: 62, 6189
R58: 20, 6190
R79: 99, 6190
R92: 91, 6191
L49: 42, 6191
L42: 0, 6192
R23: 23, 6192
R91: 14, 6193
L814: 0, 6202
R24: 24, 6202
L25: 99, 6203
R19: 18, 6204
L65: 53, 6205
R44: 97, 6205
R67: 64, 6206
R36: 0, 6207
R846: 46, 6215
L146: 0, 6217
R81: 81, 6217
L97: 84, 6218
R16: 0, 6219
L18: 82, 6219
L82: 0, 6220
R10: 10, 6220
L10: 0, 6221
L55: 45, 6221
L18: 27, 6221
R22: 49, 6221
L380: 69, 6225
L627: 42, 6231
R58: 0, 6232
L923: 77, 6241
L77: 0, 6242
R94: 94, 6242
L94: 0, 6243
L7: 93, 6243
R97: 90, 6244
R98: 88, 6245
R12: 0, 6246
R70: 70, 6246
L90: 80, 6247
L80: 0, 6248
R42: 42, 6248
L37: 5, 6248
L5: 0, 6249
R450: 50, 6253
L57: 93, 6254
R562: 55, 6260
L55: 0, 6261
R66: 66, 6261
R73: 39, 6262
R22: 61, 6262
R84: 45, 6263
R55: 0, 6264
L43: 57, 6264
R43: 0, 6265
R80: 80, 6265
L1: 79, 6265
R94: 73, 6266
R37: 10, 6267
R90: 0, 6268
R42: 42, 6268
L42: 0, 6269
R61: 61, 6269
R71: 32, 6270
L50: 82, 6271
R18: 0, 6272
R48: 48, 6272
R77: 25, 6273
L62: 63, 6274
R37: 0, 6275
R49: 49, 6275
R50: 99, 6275
R51: 50, 6276
L42: 8, 6276
R92: 0, 6277
R73: 73, 6277
R27: 0, 6278
L57: 43, 6278
L89: 54, 6279
R57: 11, 6280
R89: 0, 6281
L83: 17, 6281
R93: 10, 6282
R90: 0, 6283
L3: 97, 6283
L97: 0, 6284
L32: 68, 6284
R32: 0, 6285
L3: 97, 6285
L40: 57, 6285
R36: 93, 6285
L89: 4, 6285
R91: 95, 6285
L8: 87, 6285
R13: 0, 6286
L45: 55, 6286
L48: 7, 6286
L11: 96, 6287
L15: 81, 6287
L46: 35, 6287
L17: 18, 6287
L47: 71, 6288
R40: 11, 6289
R89: 0, 6290
R49: 49, 6290
L88: 61, 6291
L12: 49, 6291
R20: 69, 6291
L31: 38, 6291
L50: 88, 6292
R2: 90, 6292
L10: 80, 6292
R13: 93, 6292
R36: 29, 6293
L49: 80, 6294
R39: 19, 6295
L20: 99, 6296
L9: 90, 6296
R41: 31, 6297
R31: 62, 6297
R36: 98, 6297
R48: 46, 6298
R46: 92, 6298
R4: 96, 6298
R45: 41, 6299
L22: 19, 6299
R13: 32, 6299
R34: 66, 6299
R11: 77, 6299
R11: 88, 6299
R39: 27, 6300
L5: 22, 6300
L17: 5, 6300
R41: 46, 6300
R41: 87, 6300
R38: 25, 6301
L42: 83, 6302
R11: 94, 6302
L32: 62, 6302
L31: 31, 6302
R9: 40, 6302
L7: 33, 6302
R43: 76, 6302
L23: 53, 6302
R5: 58, 6302
L15: 43, 6302
R30: 73, 6302
R11: 84, 6302
R31: 15, 6303
R29: 44, 6303
R25: 69, 6303
L33: 36, 6303
R31: 67, 6303
R30: 97, 6303
R30: 27, 6304
L21: 6, 6304
L11: 95, 6305
